Log file open, 12/07/17 07:38:06
LogWindows: Failed to load 'aqProf.dll' (GetLastError=126)
LogWindows: File 'aqProf.dll' does not exist
LogWindows: Failed to load 'VSPerf140.dll' (GetLastError=126)
LogWindows: File 'VSPerf140.dll' does not exist
LogWindows: Failed to load 'VtuneApi.dll' (GetLastError=126)
LogWindows: File 'VtuneApi.dll' does not exist
LogWindows: Failed to load 'VtuneApi32e.dll' (GetLastError=126)
LogWindows: File 'VtuneApi32e.dll' does not exist
LogInit: Display: Running engine for game: Mypaper
LogPlatformFile: Not using cached read wrapper
LogInit: Display: RandInit(-10477100) SRandInit(-10477100).
LogInit: Read version file with build ID '3709383'
LogInit: Overriding engine version to CL 3754814, compatible CL 3709383
LogInit: Registered custom module enumerator with build ID '3709383'
LogTaskGraph: Started task graph with 5 named threads and 14 total threads with 3 sets of task threads.
LogStats: Stats thread started at 0.174631
LogD3D11RHI: Aftermath initialized
LogModuleManager: Display: Found up-to-date module file ../../../Engine/Plugins/2D/Paper2D/Binaries/Win64/UE4Editor-Paper2D.dll (API version 3709383).
LogModuleManager: Display: Found up-to-date module file ../../../Engine/Plugins/2D/Paper2D/Binaries/Win64/UE4Editor-Paper2DEditor.dll (API version 3709383).
LogModuleManager: Display: Found up-to-date module file ../../../Engine/Plugins/2D/Paper2D/Binaries/Win64/UE4Editor-PaperSpriteSheetImporter.dll (API version 3709383).
LogModuleManager: Display: Found up-to-date module file ../../../Engine/Plugins/2D/Paper2D/Binaries/Win64/UE4Editor-PaperTiledImporter.dll (API version 3709383).
LogModuleManager: Display: Found up-to-date module file ../../../Engine/Plugins/2D/Paper2D/Binaries/Win64/UE4Editor-SmartSnapping.dll (API version 3709383).
LogModuleManager: Display: Found up-to-date module file ../../../Engine/Plugins/Blendables/LightPropagationVolume/Binaries/Win64/UE4Editor-LightPropagationVolumeRuntime.dll (API version 3709383).
LogModuleManager: Display: Found up-to-date module file ../../../Engine/Plugins/Blendables/LightPropagationVolume/Binaries/Win64/UE4Editor-LightPropagationVolumeEditor.dll (API version 3709383).
LogModuleManager: Display: Found up-to-date module file ../../../Engine/Plugins/Developer/GitSourceControl/Binaries/Win64/UE4Editor-GitSourceControl.dll (API version 3709383).
LogModuleManager: Display: Found up-to-date module file ../../../Engine/Plugins/Developer/PerforceSourceControl/Binaries/Win64/UE4Editor-PerforceSourceControl.dll (API version 3709383).
LogModuleManager: Display: Found up-to-date module file ../../../Engine/Plugins/Developer/SubversionSourceControl/Binaries/Win64/UE4Editor-SubversionSourceControl.dll (API version 3709383).
LogModuleManager: Display: Found up-to-date module file ../../../Engine/Plugins/Developer/UObjectPlugin/Binaries/Win64/UE4Editor-UObjectPlugin.dll (API version 3709383).
LogModuleManager: Display: Found up-to-date module file ../../../Engine/Plugins/Developer/VisualStudioCodeSourceCodeAccess/Binaries/Win64/UE4Editor-VisualStudioCodeSourceCodeAccess.dll (API version 3709383).
LogModuleManager: Display: Found up-to-date module file ../../../Engine/Plugins/Developer/VisualStudioSourceCodeAccess/Binaries/Win64/UE4Editor-VisualStudioSourceCodeAccess.dll (API version 3709383).
LogModuleManager: Display: Found up-to-date module file ../../../Engine/Plugins/Editor/AssetManagerEditor/Binaries/Win64/UE4Editor-AssetManagerEditor.dll (API version 3709383).
LogModuleManager: Display: Found up-to-date module file ../../../Engine/Plugins/Editor/AudioCapture/Binaries/Win64/UE4Editor-AudioCapture.dll (API version 3709383).
LogModuleManager: Display: Found up-to-date module file ../../../Engine/Plugins/Editor/FacialAnimation/Binaries/Win64/UE4Editor-FacialAnimation.dll (API version 3709383).
LogModuleManager: Display: Found up-to-date module file ../../../Engine/Plugins/Editor/FacialAnimation/Binaries/Win64/UE4Editor-FacialAnimationEditor.dll (API version 3709383).
LogModuleManager: Display: Found up-to-date module file ../../../Engine/Plugins/Editor/GameplayTagsEditor/Binaries/Win64/UE4Editor-GameplayTagsEditor.dll (API version 3709383).
LogModuleManager: Display: Found up-to-date module file ../../../Engine/Plugins/Editor/MobileLauncherProfileWizard/Binaries/Win64/UE4Editor-MobileLauncherProfileWizard.dll (API version 3709383).
LogModuleManager: Display: Found up-to-date module file ../../../Engine/Plugins/Editor/PluginBrowser/Binaries/Win64/UE4Editor-PluginBrowser.dll (API version 3709383).
LogModuleManager: Display: Found up-to-date module file ../../../Engine/Plugins/Editor/SpeedTreeImporter/Binaries/Win64/UE4Editor-SpeedTreeImporter.dll (API version 3709383).
LogModuleManager: Display: Found up-to-date module file ../../../Engine/Plugins/Experimental/AlembicImporter/Binaries/Win64/UE4Editor-AlembicImporter.dll (API version 3709383).
LogModuleManager: Display: Found up-to-date module file ../../../Engine/Plugins/Experimental/AlembicImporter/Binaries/Win64/UE4Editor-AlembicLibrary.dll (API version 3709383).
LogModuleManager: Display: Found up-to-date module file ../../../Engine/Plugins/Experimental/CharacterAI/Binaries/Win64/UE4Editor-CharacterAI.dll (API version 3709383).
LogModuleManager: Display: Found up-to-date module file ../../../Engine/Plugins/Experimental/HTML5Networking/Binaries/Win64/UE4Editor-HTML5Networking.dll (API version 3709383).
LogModuleManager: Display: Found up-to-date module file ../../../Engine/Plugins/Media/AndroidMedia/Binaries/Win64/UE4Editor-AndroidMediaEditor.dll (API version 3709383).
LogModuleManager: Display: Found up-to-date module file ../../../Engine/Plugins/Media/AndroidMedia/Binaries/Win64/UE4Editor-AndroidMediaFactory.dll (API version 3709383).
LogModuleManager: Display: Found up-to-date module file ../../../Engine/Plugins/Media/AvfMedia/Binaries/Win64/UE4Editor-AvfMediaEditor.dll (API version 3709383).
LogModuleManager: Display: Found up-to-date module file ../../../Engine/Plugins/Media/AvfMedia/Binaries/Win64/UE4Editor-AvfMediaFactory.dll (API version 3709383).
LogModuleManager: Display: Found up-to-date module file ../../../Engine/Plugins/Media/AvfMedia/Binaries/Win64/UE4Editor-AvfMediaFactory.dll (API version 3709383).
LogModuleManager: Display: Found up-to-date module file ../../../Engine/Plugins/Media/ImgMedia/Binaries/Win64/UE4Editor-ImgMedia.dll (API version 3709383).
LogModuleManager: Display: Found up-to-date module file ../../../Engine/Plugins/Media/ImgMedia/Binaries/Win64/UE4Editor-ImgMediaEditor.dll (API version 3709383).
LogModuleManager: Display: Found up-to-date module file ../../../Engine/Plugins/Media/ImgMedia/Binaries/Win64/UE4Editor-ImgMediaFactory.dll (API version 3709383).
LogModuleManager: Display: Found up-to-date module file ../../../Engine/Plugins/Media/ImgMedia/Binaries/Win64/UE4Editor-ImgMediaFactory.dll (API version 3709383).
LogModuleManager: Display: Found up-to-date module file ../../../Engine/Plugins/Media/ImgMedia/Binaries/Win64/UE4Editor-OpenExrWrapper.dll (API version 3709383).
LogModuleManager: Display: Found up-to-date module file ../../../Engine/Plugins/Media/MediaCompositing/Binaries/Win64/UE4Editor-MediaCompositing.dll (API version 3709383).
LogModuleManager: Display: Found up-to-date module file ../../../Engine/Plugins/Media/MediaCompositing/Binaries/Win64/UE4Editor-MediaCompositingEditor.dll (API version 3709383).
LogModuleManager: Display: Found up-to-date module file ../../../Engine/Plugins/Media/MediaPlayerEditor/Binaries/Win64/UE4Editor-MediaPlayerEditor.dll (API version 3709383).
LogModuleManager: Display: Found up-to-date module file ../../../Engine/Plugins/Media/WmfMedia/Binaries/Win64/UE4Editor-WmfMedia.dll (API version 3709383).
LogModuleManager: Display: Found up-to-date module file ../../../Engine/Plugins/Media/WmfMedia/Binaries/Win64/UE4Editor-WmfMediaEditor.dll (API version 3709383).
LogModuleManager: Display: Found up-to-date module file ../../../Engine/Plugins/Media/WmfMedia/Binaries/Win64/UE4Editor-WmfMediaFactory.dll (API version 3709383).
LogModuleManager: Display: Found up-to-date module file ../../../Engine/Plugins/Media/WmfMedia/Binaries/Win64/UE4Editor-WmfMediaFactory.dll (API version 3709383).
LogModuleManager: Display: Found up-to-date module file ../../../Engine/Plugins/Messaging/TcpMessaging/Binaries/Win64/UE4Editor-TcpMessaging.dll (API version 3709383).
LogModuleManager: Display: Found up-to-date module file ../../../Engine/Plugins/Messaging/UdpMessaging/Binaries/Win64/UE4Editor-UdpMessaging.dll (API version 3709383).
LogModuleManager: Display: Found up-to-date module file ../../../Engine/Plugins/MovieScene/ActorSequence/Binaries/Win64/UE4Editor-ActorSequence.dll (API version 3709383).
LogModuleManager: Display: Found up-to-date module file ../../../Engine/Plugins/MovieScene/LevelSequenceEditor/Binaries/Win64/UE4Editor-LevelSequenceEditor.dll (API version 3709383).
LogModuleManager: Display: Found up-to-date module file ../../../Engine/Plugins/MovieScene/MatineeToLevelSequence/Binaries/Win64/UE4Editor-MatineeToLevelSequence.dll (API version 3709383).
LogModuleManager: Display: Found up-to-date module file ../../../Engine/Plugins/Online/OnlineSubsystem/Binaries/Win64/UE4Editor-OnlineSubsystem.dll (API version 3709383).
LogModuleManager: Display: Found up-to-date module file ../../../Engine/Plugins/Runtime/AndroidPermission/Binaries/Win64/UE4Editor-AndroidPermission.dll (API version 3709383).
LogModuleManager: Display: Found up-to-date module file ../../../Engine/Plugins/Online/OnlineSubsystemNull/Binaries/Win64/UE4Editor-OnlineSubsystemNull.dll (API version 3709383).
LogModuleManager: Display: Found up-to-date module file ../../../Engine/Plugins/Online/OnlineSubsystemUtils/Binaries/Win64/UE4Editor-OnlineSubsystemUtils.dll (API version 3709383).
LogModuleManager: Display: Found up-to-date module file ../../../Engine/Plugins/Online/OnlineSubsystemUtils/Binaries/Win64/UE4Editor-OnlineBlueprintSupport.dll (API version 3709383).
LogModuleManager: Display: Found up-to-date module file ../../../Engine/Plugins/Runtime/AndroidDeviceProfileSelector/Binaries/Win64/UE4Editor-AndroidDeviceProfileSelector.dll (API version 3709383).
LogModuleManager: Display: Found up-to-date module file ../../../Engine/Plugins/Runtime/AppleARKit/Binaries/Win64/UE4Editor-AppleARKit.dll (API version 3709383).
LogModuleManager: Display: Found up-to-date module file ../../../Engine/Plugins/Runtime/ArchVisCharacter/Binaries/Win64/UE4Editor-ArchVisCharacter.dll (API version 3709383).
LogModuleManager: Display: Found up-to-date module file ../../../Engine/Plugins/Runtime/CableComponent/Binaries/Win64/UE4Editor-CableComponent.dll (API version 3709383).
LogModuleManager: Display: Found up-to-date module file ../../../Engine/Plugins/Runtime/CustomMeshComponent/Binaries/Win64/UE4Editor-CustomMeshComponent.dll (API version 3709383).
LogModuleManager: Display: Found up-to-date module file ../../../Engine/Plugins/Runtime/ExampleDeviceProfileSelector/Binaries/Win64/UE4Editor-ExampleDeviceProfileSelector.dll (API version 3709383).
LogModuleManager: Display: Found up-to-date module file ../../../Engine/Plugins/Runtime/ImmediatePhysics/Binaries/Win64/UE4Editor-ImmediatePhysics.dll (API version 3709383).
LogModuleManager: Display: Found up-to-date module file ../../../Engine/Plugins/Runtime/ImmediatePhysics/Binaries/Win64/UE4Editor-ImmediatePhysicsEditor.dll (API version 3709383).
LogModuleManager: Display: Found up-to-date module file ../../../Engine/Plugins/Runtime/LocationServicesBPLibrary/Binaries/Win64/UE4Editor-LocationServicesBPLibrary.dll (API version 3709383).
LogModuleManager: Display: Found up-to-date module file ../../../Engine/Plugins/Runtime/MobilePatchingUtils/Binaries/Win64/UE4Editor-MobilePatchingUtils.dll (API version 3709383).
LogModuleManager: Display: Found up-to-date module file ../../../Engine/Plugins/Runtime/Oculus/OculusVR/Binaries/Win64/UE4Editor-OculusHMD.dll (API version 3709383).
LogModuleManager: Display: Found up-to-date module file ../../../Engine/Plugins/Runtime/Oculus/OculusVR/Binaries/Win64/UE4Editor-OculusInput.dll (API version 3709383).
LogModuleManager: Display: Found up-to-date module file ../../../Engine/Plugins/Runtime/Oculus/OculusVR/Binaries/Win64/UE4Editor-OculusEditor.dll (API version 3709383).
LogModuleManager: Display: Found up-to-date module file ../../../Engine/Plugins/Runtime/PhysXVehicles/Binaries/Win64/UE4Editor-PhysXVehicles.dll (API version 3709383).
LogModuleManager: Display: Found up-to-date module file ../../../Engine/Plugins/Runtime/PhysXVehicles/Binaries/Win64/UE4Editor-PhysXVehiclesEditor.dll (API version 3709383).
LogModuleManager: Display: Found up-to-date module file ../../../Engine/Plugins/Runtime/ProceduralMeshComponent/Binaries/Win64/UE4Editor-ProceduralMeshComponent.dll (API version 3709383).
LogModuleManager: Display: Found up-to-date module file ../../../Engine/Plugins/Runtime/ProceduralMeshComponent/Binaries/Win64/UE4Editor-ProceduralMeshComponentEditor.dll (API version 3709383).
LogModuleManager: Display: Found up-to-date module file ../../../Engine/Plugins/Runtime/RuntimePhysXCooking/Binaries/Win64/UE4Editor-RuntimePhysXCooking.dll (API version 3709383).
LogModuleManager: Display: Found up-to-date module file ../../../Engine/Plugins/Runtime/Steam/SteamVR/Binaries/Win64/UE4Editor-SteamVR.dll (API version 3709383).
LogModuleManager: Display: Found up-to-date module file ../../../Engine/Plugins/Runtime/Steam/SteamVR/Binaries/Win64/UE4Editor-SteamVRController.dll (API version 3709383).
LogModuleManager: Display: Found up-to-date module file ../../../Engine/Plugins/Runtime/WindowsMoviePlayer/Binaries/Win64/UE4Editor-WindowsMoviePlayer.dll (API version 3709383).
LogPluginManager: Mounting plugin Paper2D
LogPluginManager: Mounting plugin LightPropagationVolume
LogPluginManager: Mounting plugin CodeLiteSourceCodeAccess
LogPluginManager: Mounting plugin GitSourceControl
LogPluginManager: Mounting plugin KDevelopSourceCodeAccess
LogPluginManager: Mounting plugin NullSourceCodeAccess
LogPluginManager: Mounting plugin PerforceSourceControl
LogPluginManager: Mounting plugin SubversionSourceControl
LogPluginManager: Mounting plugin UObjectPlugin
LogPluginManager: Mounting plugin VisualStudioCodeSourceCodeAccess
LogPluginManager: Mounting plugin VisualStudioSourceCodeAccess
LogPluginManager: Mounting plugin XCodeSourceCodeAccess
LogPluginManager: Mounting plugin AssetManagerEditor
LogPluginManager: Mounting plugin AudioCapture
LogPluginManager: Mounting plugin FacialAnimation
LogPluginManager: Mounting plugin GameplayTagsEditor
LogPluginManager: Mounting plugin MobileLauncherProfileWizard
LogPluginManager: Mounting plugin PluginBrowser
LogPluginManager: Mounting plugin SpeedTreeImporter
LogPluginManager: Mounting plugin AlembicImporter
LogPluginManager: Mounting plugin CharacterAI
LogPluginManager: Mounting plugin HTML5Networking
LogPluginManager: Mounting plugin AndroidMedia
LogPluginManager: Mounting plugin AvfMedia
LogPluginManager: Mounting plugin ImgMedia
LogPluginManager: Mounting plugin MediaCompositing
LogPluginManager: Mounting plugin MediaPlayerEditor
LogPluginManager: Mounting plugin WmfMedia
LogPluginManager: Mounting plugin TcpMessaging
LogPluginManager: Mounting plugin UdpMessaging
LogPluginManager: Mounting plugin ActorSequence
LogPluginManager: Mounting plugin LevelSequenceEditor
LogPluginManager: Mounting plugin MatineeToLevelSequence
LogPluginManager: Mounting plugin OnlineSubsystemGooglePlay
LogPluginManager: Mounting plugin OnlineSubsystemIOS
LogPluginManager: Mounting plugin OnlineSubsystem
LogPluginManager: Mounting plugin OnlineSubsystemNull
LogPluginManager: Mounting plugin OnlineSubsystemUtils
LogPluginManager: Mounting plugin AndroidDeviceProfileSelector
LogPluginManager: Mounting plugin AndroidMoviePlayer
LogPluginManager: Mounting plugin AndroidPermission
LogPluginManager: Mounting plugin AppleARKit
LogPluginManager: Mounting plugin AppleMoviePlayer
LogPluginManager: Mounting plugin ArchVisCharacter
LogPluginManager: Mounting plugin CableComponent
LogPluginManager: Mounting plugin CustomMeshComponent
LogPluginManager: Mounting plugin ExampleDeviceProfileSelector
LogPluginManager: Mounting plugin GoogleCloudMessaging
LogPluginManager: Mounting plugin ImmediatePhysics
LogPluginManager: Mounting plugin IOSDeviceProfileSelector
LogPluginManager: Mounting plugin LinuxDeviceProfileSelector
LogPluginManager: Mounting plugin LocationServicesBPLibrary
LogPluginManager: Mounting plugin MobilePatchingUtils
LogPluginManager: Mounting plugin OculusVR
LogPluginManager: Plugin shader directory ../../../Engine/Plugins/Runtime/Oculus/OculusVR/Shaders found
LogPluginManager: Mapping shader source directory ../../../Engine/Plugins/Runtime/Oculus/OculusVR/Shaders to virtual directory /Plugin/OculusVR
LogPluginManager: Mounting plugin PhysXVehicles
LogPluginManager: Mounting plugin ProceduralMeshComponent
LogPluginManager: Mounting plugin RuntimePhysXCooking
LogPluginManager: Mounting plugin SteamVR
LogPluginManager: Mounting plugin WindowsMoviePlayer
LogInit: Using libcurl 7.47.1
LogInit:  - built for x86_64-pc-win32
LogInit:  - supports SSL with OpenSSL/1.0.2g
LogInit:  - supports HTTP deflate (compression) using libz 1.2.8
LogInit:  - other features:
LogInit:      CURL_VERSION_SSL
LogInit:      CURL_VERSION_LIBZ
LogInit:      CURL_VERSION_IPV6
LogInit:      CURL_VERSION_ASYNCHDNS
LogInit:      CURL_VERSION_LARGEFILE
LogInit:      CURL_VERSION_IDN
LogInit:  CurlRequestOptions (configurable via config and command line):
LogInit:  - bVerifyPeer = false  - Libcurl will NOT verify peer certificate
LogInit:  - bUseHttpProxy = false  - Libcurl will NOT use HTTP proxy
LogInit:  - bDontReuseConnections = false  - Libcurl will reuse connections
LogInit:  - CertBundlePath = nullptr  - Libcurl will use whatever was configured at build time.
LogInit: Build: ++UE4+Release-4.18-CL-3754814
LogInit: Engine Version: 4.18.1-3754814+++UE4+Release-4.18
LogInit: Compatible Engine Version: 4.18.0-3709383+++UE4+Release-4.18
LogInit: Net CL: 3709383
LogDevObjectVersion: Number of dev versions registered: 16
LogDevObjectVersion:   Dev-Blueprints (B0D832E4-1F89-4F0D-ACCF-7EB736FD4AA2): 10
LogDevObjectVersion:   Dev-Build (E1C64328-A22C-4D53-A36C-8E866417BD8C): 0
LogDevObjectVersion:   Dev-Core (375EC13C-06E4-48FB-B500-84F0262A717E): 2
LogDevObjectVersion:   Dev-Editor (E4B068ED-F494-42E9-A231-DA0B2E46BB41): 20
LogDevObjectVersion:   Dev-Framework (CFFC743F-43B0-4480-9391-14DF171D2073): 30
LogDevObjectVersion:   Dev-Mobile (B02B49B5-BB20-44E9-A304-32B752E40360): 0
LogDevObjectVersion:   Dev-Networking (A4E4105C-59A1-49B5-A7C5-40C4547EDFEE): 0
LogDevObjectVersion:   Dev-Online (39C831C9-5AE6-47DC-9A44-9C173E1C8E7C): 0
LogDevObjectVersion:   Dev-Physics (78F01B33-EBEA-4F98-B9B4-84EACCB95AA2): 0
LogDevObjectVersion:   Dev-Platform (6631380F-2D4D-43E0-8009-CF276956A95A): 0
LogDevObjectVersion:   Dev-Rendering (12F88B9F-8875-4AFC-A67C-D90C383ABD29): 20
LogDevObjectVersion:   Dev-Sequencer (7B5AE74C-D270-4C10-A958-57980B212A5A): 4
LogDevObjectVersion:   Dev-VR (D7296918-1DD6-4BDD-9DE2-64A83CC13884): 0
LogDevObjectVersion:   Dev-LoadTimes (C2A15278-BFE7-4AFE-6C17-90FF531DF755): 1
LogDevObjectVersion:   Private-Geometry (6EACA3D4-40EC-4CC1-B786-8BED09428FC5): 1
LogDevObjectVersion:   Dev-AnimPhys (29E575DD-E0A3-4627-9D10-D276232CDCEA): 12
LogInit: Compiled (64-bit): Nov 14 2017 02:05:55
LogInit: Compiled with Visual C++: 19.00.24215.01
LogInit: Build Configuration: Development
LogInit: Branch Name: ++UE4+Release-4.18
LogInit: Command line: -EpicPortal 
LogInit: Base directory: C:/Program Files/Epic Games/UE_4.18/Engine/Binaries/Win64/
LogInit: Installed Engine Build: 1
LogInit: Presizing for max 8388607 objects, including 0 objects not considered by GC, pre-allocating 0 bytes for permanent pool.
LogInit: Object subsystem initialized
[2017.12.06-22.38.08:506][  0]LogInit: Selected Device Profile: [Windows]
[2017.12.06-22.38.08:506][  0]LogInit: Applying CVar settings loaded from the selected device profile: [Windows]
[2017.12.06-22.38.08:517][  0]LogInit: Computer: DESKTOP-CU9JKOV
[2017.12.06-22.38.08:517][  0]LogInit: User: eowls
[2017.12.06-22.38.08:517][  0]LogInit: CPU Page size=4096, Cores=4
[2017.12.06-22.38.08:517][  0]LogInit: High frequency timer resolution =3.234374 MHz
[2017.12.06-22.38.08:518][  0]LogMemory: Memory total: Physical=15.9GB (16GB approx)
[2017.12.06-22.38.08:518][  0]LogMemory: Platform Memory Stats for Windows
[2017.12.06-22.38.08:518][  0]LogMemory: Process Physical Memory: 272.82 MB used, 272.82 MB peak
[2017.12.06-22.38.08:518][  0]LogMemory: Process Virtual Memory: 271.77 MB used, 271.77 MB peak
[2017.12.06-22.38.08:518][  0]LogMemory: Physical Memory: 5029.92 MB used,  11302.02 MB free, 16331.93 MB total
[2017.12.06-22.38.08:518][  0]LogMemory: Virtual Memory: 630.66 MB used,  11302.02 MB free, 134217728.00 MB total
[2017.12.06-22.38.08:689][  0]LogInit: Using OS detected language (ko-KR).
[2017.12.06-22.38.08:689][  0]LogInit: Using OS detected locale (ko-KR).
[2017.12.06-22.38.08:693][  0]LogTextLocalizationManager: No specific localization for 'ko-KR' exists, so the 'ko' localization will be used.
[2017.12.06-22.38.08:859][  0]LogInit: Setting process to per monitor DPI aware
[2017.12.06-22.38.09:176][  0]LogD3D11RHI: D3D11 adapters:
[2017.12.06-22.38.09:229][  0]LogD3D11RHI:    0. 'NVIDIA GeForce GTX 970' (Feature Level 11_0)
[2017.12.06-22.38.09:229][  0]LogD3D11RHI:       4058/0/8165 MB DedicatedVideo/DedicatedSystem/SharedSystem, Outputs:1, VendorId:0x10de
[2017.12.06-22.38.09:231][  0]LogD3D11RHI:    1. 'Microsoft Basic Render Driver' (Feature Level 11_0)
[2017.12.06-22.38.09:231][  0]LogD3D11RHI:       0/0/8165 MB DedicatedVideo/DedicatedSystem/SharedSystem, Outputs:0, VendorId:0x1414
[2017.12.06-22.38.09:231][  0]LogD3D11RHI: Chosen D3D11 Adapter: 0
[2017.12.06-22.38.09:236][  0]LogD3D11RHI: Creating new Direct3DDevice
[2017.12.06-22.38.09:236][  0]LogD3D11RHI:     GPU DeviceId: 0x13c2 (for the marketing name, search the web for "GPU Device Id")
[2017.12.06-22.38.09:236][  0]LogWindows: EnumDisplayDevices:
[2017.12.06-22.38.09:236][  0]LogWindows:    0. 'NVIDIA GeForce GTX 970' (P:1 D:1)
[2017.12.06-22.38.09:237][  0]LogWindows:    1. 'NVIDIA GeForce GTX 970' (P:0 D:0)
[2017.12.06-22.38.09:237][  0]LogWindows:    2. 'NVIDIA GeForce GTX 970' (P:0 D:0)
[2017.12.06-22.38.09:238][  0]LogWindows:    3. 'NVIDIA GeForce GTX 970' (P:0 D:0)
[2017.12.06-22.38.09:238][  0]LogWindows: DebugString: FoundDriverCount:4 
[2017.12.06-22.38.09:238][  0]LogD3D11RHI:     Adapter Name: NVIDIA GeForce GTX 970
[2017.12.06-22.38.09:238][  0]LogD3D11RHI:   Driver Version: 388.13 (internal:23.21.13.8813, unified:388.13)
[2017.12.06-22.38.09:238][  0]LogD3D11RHI:      Driver Date: 10-27-2017
[2017.12.06-22.38.09:238][  0]LogRHI: Texture pool is 2840 MB (70% of 4058 MB)
[2017.12.06-22.38.09:269][  0]LogD3D11RHI: Async texture creation enabled
[2017.12.06-22.38.09:279][  0]LogD3D11RHI: GPU Timing Frequency: 1000.000000 (Debug: 2 1)
[2017.12.06-22.38.09:331][  0]LogShaderCompilers: Guid format shader working directory is -22 characters bigger than the processId version (../../../../../../Users/eowls/OneDrive/문서/GitHub/paper2dgame/Mypaper/Intermediate/Shaders/WorkingDirectory/1760/).
[2017.12.06-22.38.09:331][  0]LogShaderCompilers: Cleaned the shader compiler working directory 'C:/Users/eowls/AppData/Local/Temp/UnrealShaderWorkingDir/0FAB91994E9FDA8ECCECD391CB111720/'.
[2017.12.06-22.38.09:331][  0]LogShaderCompilers: Display: Using Local Shader Compiler.
[2017.12.06-22.38.10:234][  0]LogTemp: Display: Loaded TP AllDesktopTargetPlatform
[2017.12.06-22.38.10:295][  0]LogTemp: Display: Loaded TP MacClientTargetPlatform
[2017.12.06-22.38.10:356][  0]LogTemp: Display: Loaded TP MacNoEditorTargetPlatform
[2017.12.06-22.38.10:417][  0]LogTemp: Display: Loaded TP MacServerTargetPlatform
[2017.12.06-22.38.10:478][  0]LogTemp: Display: Loaded TP MacTargetPlatform
[2017.12.06-22.38.10:540][  0]LogTemp: Display: Loaded TP WindowsClientTargetPlatform
[2017.12.06-22.38.10:602][  0]LogTemp: Display: Loaded TP WindowsNoEditorTargetPlatform
[2017.12.06-22.38.10:662][  0]LogTemp: Display: Loaded TP WindowsServerTargetPlatform
[2017.12.06-22.38.10:717][  0]LogTemp: Display: Loaded TP WindowsTargetPlatform
[2017.12.06-22.38.10:778][  0]LogTemp: Display: Loaded TP Android_ASTCTargetPlatform
[2017.12.06-22.38.10:838][  0]LogTemp: Display: Loaded TP Android_ATCTargetPlatform
[2017.12.06-22.38.10:895][  0]LogTemp: Display: Loaded TP Android_DXTTargetPlatform
[2017.12.06-22.38.10:954][  0]LogTemp: Display: Loaded TP Android_ETC1TargetPlatform
[2017.12.06-22.38.11:012][  0]LogTemp: Display: Loaded TP Android_ETC2TargetPlatform
[2017.12.06-22.38.11:128][  0]LogTemp: Display: Loaded TP Android_MultiTargetPlatform
[2017.12.06-22.38.11:128][  0]LogTemp: Display: Loaded TP Android_PVRTCTargetPlatform
[2017.12.06-22.38.11:187][  0]LogTemp: Display: Loaded TP AndroidTargetPlatform
[2017.12.06-22.38.11:235][  0]LogTemp: Display: Loaded TP HTML5TargetPlatform
[2017.12.06-22.38.11:337][  0]LogTemp: Display: Loaded TP IOSTargetPlatform
[2017.12.06-22.38.11:367][  0]LogTemp: Display: Loaded TP TVOSTargetPlatform
[2017.12.06-22.38.11:430][  0]LogTemp: Display: Loaded TP LinuxClientTargetPlatform
[2017.12.06-22.38.11:490][  0]LogTemp: Display: Loaded TP LinuxNoEditorTargetPlatform
[2017.12.06-22.38.11:548][  0]LogTemp: Display: Loaded TP LinuxServerTargetPlatform
[2017.12.06-22.38.11:606][  0]LogTemp: Display: Loaded TP LinuxTargetPlatform
[2017.12.06-22.38.11:606][  0]LogTargetPlatformManager: Display: Building Assets For Windows
[2017.12.06-22.38.12:145][  0]LogDerivedDataCache: Display: Max Cache Size: 512 MB
[2017.12.06-22.38.12:219][  0]LogDerivedDataCache: Loaded boot cache 0.07s 78MB C:/Users/eowls/AppData/Local/UnrealEngine/4.18/DerivedDataCache/Boot.ddc.
[2017.12.06-22.38.12:219][  0]LogDerivedDataCache: Display: Loaded Boot cache: C:/Users/eowls/AppData/Local/UnrealEngine/4.18/DerivedDataCache/Boot.ddc
[2017.12.06-22.38.12:220][  0]LogDerivedDataCache: FDerivedDataBackendGraph:  Pak pak cache file ../../../../../../Users/eowls/OneDrive/문서/GitHub/paper2dgame/Mypaper/DerivedDataCache/DDC.ddp not found, will not use a pak cache.
[2017.12.06-22.38.12:220][  0]LogDerivedDataCache: Unable to find inner node Pak for hierarchical cache Hierarchy.
[2017.12.06-22.38.12:220][  0]LogDerivedDataCache: FDerivedDataBackendGraph:  CompressedPak pak cache file ../../../../../../Users/eowls/OneDrive/문서/GitHub/paper2dgame/Mypaper/DerivedDataCache/Compressed.ddp not found, will not use a pak cache.
[2017.12.06-22.38.12:220][  0]LogDerivedDataCache: Unable to find inner node CompressedPak for hierarchical cache Hierarchy.
[2017.12.06-22.38.12:234][  0]LogDerivedDataCache: Display: Pak cache opened for reading ../../../Engine/DerivedDataCache/Compressed.ddp.
[2017.12.06-22.38.12:247][  0]LogDerivedDataCache: Using Local data cache path C:/Users/eowls/AppData/Local/UnrealEngine/Common/DerivedDataCache: Writable
[2017.12.06-22.38.12:257][  0]LogMaterial: Verifying Global Shaders for PCD3D_SM5
[2017.12.06-22.38.12:257][  0]LogSlate: Using Freetype 2.6.0
[2017.12.06-22.38.12:257][  0]LogSlate: SlateFontCache - WITH_FREETYPE: 1, WITH_HARFBUZZ: 1
[2017.12.06-22.38.12:257][  0]LogSlate: SlateFontCache - WITH_FREETYPE: 1, WITH_HARFBUZZ: 1
[2017.12.06-22.38.12:636][  0]LogInit: Selected Device Profile: [Windows]
[2017.12.06-22.38.13:018][  0]LogSimplygon: Simplygon DLL not present - disabling.
[2017.12.06-22.38.13:071][  0]LogMeshReduction: Using SimplygonSwarm for distributed automatic mesh merging
[2017.12.06-22.38.13:071][  0]LogMeshReduction: Using QuadricMeshReduction for automatic static mesh reduction
[2017.12.06-22.38.13:071][  0]LogMeshReduction: No automatic skeletal mesh reduction module available
[2017.12.06-22.38.13:071][  0]LogMeshReduction: No automatic mesh merging module available
[2017.12.06-22.38.13:071][  0]LogMeshMerging: No automatic mesh merging module available
[2017.12.06-22.38.13:103][  0]LogNetVersion: Mypaper , NetCL: 3709383, EngineNetVer: 2, GameNetVer: 0 (Checksum: 1259759705)
[2017.12.06-22.38.13:288][  0]LogAssetRegistry: FAssetRegistry took 0.0273 seconds to start up
[2017.12.06-22.38.13:874][  0]LogPackageLocalizationCache: Processed 7 localized package path(s) for 2 prioritized culture(s) in 0.098742 seconds
[2017.12.06-22.38.13:878][  0]LogUObjectArray: 35900 objects as part of root set at end of initial load.
[2017.12.06-22.38.13:878][  0]LogUObjectAllocator: 7372024 out of 0 bytes used by permanent object pool.
[2017.12.06-22.38.13:878][  0]LogUObjectArray: CloseDisregardForGC: 0/0 objects in disregard for GC pool
[2017.12.06-22.38.13:941][  0]LogInit: WinSock: version 1.1 (2.2), MaxSocks=32767, MaxUdp=65467
[2017.12.06-22.38.17:242][  0]LogTcpMessaging: Initializing TcpMessaging bridge
[2017.12.06-22.38.17:299][  0]LogUdpMessaging: Initializing bridge on interface 0.0.0.0:0 to multicast group 230.0.0.1:6666.
[2017.12.06-22.38.18:214][  0]LogMaterial: Uniform references updated for custom material expression Custom.
[2017.12.06-22.38.18:760][  0]SourceControl: 소스 콘트롤이 꺼졌습니다.
[2017.12.06-22.38.18:760][  0]SourceControl: 소스 콘트롤이 꺼졌습니다.
[2017.12.06-22.38.18:843][  0]SourceControl: 소스 콘트롤이 꺼졌습니다.
[2017.12.06-22.38.18:921][  0]SourceControl: 소스 콘트롤이 꺼졌습니다.
[2017.12.06-22.38.20:101][  0]LogAndroidPermission: UAndroidPermissionCallbackProxy::GetInstance
[2017.12.06-22.38.20:476][  0]LogOcInput: OculusInput pre-init called
[2017.12.06-22.38.20:840][  0]LogEngine: Initializing Engine...
[2017.12.06-22.38.20:842][  0]LogHMD: Failed to initialize OpenVR with code 110
[2017.12.06-22.38.21:065][  0]LogStats: UGameplayTagsManager::ConstructGameplayTagTree: Construct from data asset -  0.000 s
[2017.12.06-22.38.21:066][  0]LogStats: UGameplayTagsManager::ConstructGameplayTagTree: GameplayTagTreeChangedEvent.Broadcast -  0.000 s
[2017.12.06-22.38.21:231][  0]LogAIModule: Creating AISystem for world Untitled
[2017.12.06-22.38.21:259][  0]LogInit: XAudio2 using '헤드셋 이어폰(Corsair VOID Wireless Gaming Dongle)' : 6 channels at 48 kHz using 16 bits per sample (channel mask 0x3f)
[2017.12.06-22.38.21:428][  0]LogInit: FAudioDevice initialized.
[2017.12.06-22.38.21:506][  0]LogDerivedDataCache: Saved boot cache 0.08s 78MB C:/Users/eowls/AppData/Local/UnrealEngine/4.18/DerivedDataCache/Boot.ddc.
[2017.12.06-22.38.21:518][  0]LogInit: Texture streaming: Enabled
[2017.12.06-22.38.21:639][  0]LogEngineSessionManager: EngineSessionManager initialized
[2017.12.06-22.38.21:808][  0]LogInit: Transaction tracking system initialized
[2017.12.06-22.38.22:220][  0]BlueprintLog: New page: 에디터 로드
[2017.12.06-22.38.23:340][  0]LocalizationService: 현지화 서비스가 비활성화되었습니다.
[2017.12.06-22.38.24:304][  0]LogConsoleResponse: Display: 
[2017.12.06-22.38.24:527][  0]LogCook: Display: Max memory allowance for cook 16384mb min free memory 0mb
[2017.12.06-22.38.24:527][  0]LogCook: Display: Mobile HDR setting 1
[2017.12.06-22.38.24:527][  0]LogGameplayTags: Display: UGameplayTagsManager::DoneAddingNativeTags. DelegateIsBound: 0
[2017.12.06-22.38.25:465][  0]LogFileCache: Scanning file cache for directory 'C:/Users/eowls/OneDrive/문서/GitHub/paper2dgame/Mypaper/Content/' took 0.02s
[2017.12.06-22.38.26:225][  0]SourceControl: 소스 콘트롤이 꺼졌습니다.
[2017.12.06-22.38.26:226][  0]Cmd: MAP LOAD FILE="../../../../../../Users/eowls/OneDrive/문서/GitHub/paper2dgame/Mypaper/Content/StarterContent/Maps/Minimal_Default.umap" TEMPLATE=0 SHOWPROGRESS=1 FEATURELEVEL=3
[2017.12.06-22.38.26:226][  0]LightingResults: New page: 라이팅 빌드
[2017.12.06-22.38.26:289][  0]MapCheck: New page: 맵 체크
[2017.12.06-22.38.26:289][  0]LightingResults: New page: 라이팅 빌드
[2017.12.06-22.38.26:549][  0]LogMaterial: Missing cached shader map for material M_Basic_Floor, compiling. 
[2017.12.06-22.38.26:605][  0]LogMaterial: Missing cached shader map for material M_StatueGlass, compiling. 
[2017.12.06-22.38.26:673][  0]LogMaterial: Missing cached shader map for material M_Chair, compiling. 
[2017.12.06-22.38.26:726][  0]LogMaterial: Missing cached shader map for material M_Metal_Copper, compiling. 
[2017.12.06-22.38.26:752][  0]LogMaterial: Missing cached shader map for material M_Metal_Brushed_Nickel, compiling. 
[2017.12.06-22.38.26:779][  0]LogMaterial: Missing cached shader map for material M_Metal_Burnished_Steel, compiling. 
[2017.12.06-22.38.26:807][  0]LogMaterial: Missing cached shader map for material M_TableRound, compiling. 
[2017.12.06-22.38.26:834][  0]LogMaterial: Missing cached shader map for material M_Statue, compiling. 
[2017.12.06-22.38.26:900][  0]LogAIModule: Creating AISystem for world Minimal_Default
[2017.12.06-22.38.26:908][  0]LogEditorServer: Finished looking for orphan Actors (0.000 secs)
[2017.12.06-22.38.26:919][  0]Cmd: MAP CHECKDEP NOCLEARLOG
[2017.12.06-22.38.27:011][  0]MapCheck: 맵 체크 완료: 오류 0 회, 경고 0 회, 소요 시간 92.205ms.
[2017.12.06-22.38.27:011][  0]LogFileHelpers: Loading map 'Minimal_Default' took 0.786
[2017.12.06-22.38.36:673][  0]LogWindowsTextInputMethodSystem: Display: IME system now activated using TSF (Microsoft 입력기).
[2017.12.06-22.38.36:774][  0]LogCollectionManager: Loaded 0 collections in 0.001860 seconds
[2017.12.06-22.38.36:882][  0]LogFileCache: Scanning file cache for directory 'C:/Users/eowls/OneDrive/문서/GitHub/paper2dgame/Mypaper/Saved/Collections/' took 0.01s
[2017.12.06-22.38.36:882][  0]LogFileCache: Scanning file cache for directory 'C:/Users/eowls/OneDrive/문서/GitHub/paper2dgame/Mypaper/Content/Developers/eowls/Collections/' took 0.01s
[2017.12.06-22.38.36:882][  0]LogFileCache: Scanning file cache for directory 'C:/Users/eowls/OneDrive/문서/GitHub/paper2dgame/Mypaper/Content/Collections/' took 0.01s
[2017.12.06-22.38.36:882][  0]LogCollectionManager: Rebuilt the GUID cache for 0 collections in 0.000001 seconds
[2017.12.06-22.38.36:890][  0]LogContentBrowser: Native class hierarchy populated in 0.0078 seconds. Added 2363 classes and 519 folders.
[2017.12.06-22.38.36:987][  0]LogContentBrowser: Native class hierarchy updated for 'WidgetCarousel' in 0.0002 seconds. Added 0 classes and 0 folders.
[2017.12.06-22.38.37:106][  0]LogContentBrowser: Native class hierarchy updated for 'AddContentDialog' in 0.0002 seconds. Added 0 classes and 0 folders.
[2017.12.06-22.38.37:185][  0]LogContentBrowser: Native class hierarchy updated for 'SceneOutliner' in 0.0002 seconds. Added 1 classes and 2 folders.
[2017.12.06-22.38.37:302][  0]LogContentBrowser: Native class hierarchy updated for 'HierarchicalLODOutliner' in 0.0003 seconds. Added 1 classes and 2 folders.
[2017.12.06-22.38.37:302][  0]LogLoad: (Engine Initialization) Total time: 31.72 seconds
[2017.12.06-22.38.37:302][  0]LogLoad: (Engine Initialization) Total Blueprint compile time: 0.00 seconds
[2017.12.06-22.38.37:302][  0]LogExternalProfiler: No external profilers were discovered.  External profiling features will not be available.
[2017.12.06-22.38.37:329][  0]LogAssetRegistry: Asset discovery search completed in 24.0630 seconds
[2017.12.06-22.38.37:331][  0]LogCollectionManager: Rebuilt the object cache for 0 collections in 0.000000 seconds (found 0 objects)
[2017.12.06-22.38.37:331][  0]LogCollectionManager: Fixed up redirectors for 0 collections in 0.000067 seconds (updated 0 objects)
[2017.12.06-22.38.37:333][  0]LogContentStreaming: Texture pool size now 1000 MB
[2017.12.06-22.38.37:352][  0]LogSlate: Took 0.000199 seconds to synchronously load lazily loaded font '../../../Engine/Content/Slate/Fonts/Roboto-Regular.ttf' (155K)
[2017.12.06-22.38.37:356][  0]LogSlate: Took 0.002959 seconds to synchronously load lazily loaded font '../../../Engine/Content/Slate/Fonts/NanumGothic.ttf' (4243K)
[2017.12.06-22.38.37:357][  0]LogSlate: Took 0.000225 seconds to synchronously load lazily loaded font '../../../Engine/Content/Slate/Fonts/Roboto-Bold.ttf' (160K)
[2017.12.06-22.38.37:361][  0]LogSlate: Took 0.000911 seconds to synchronously load lazily loaded font '../../../Engine/Content/Editor/Slate/Fonts/FontAwesome.ttf' (139K)
[2017.12.06-22.38.37:446][  0]LogSlate: Took 0.000954 seconds to synchronously load lazily loaded font '../../../Engine/Content/Slate/Fonts/Roboto-Light.ttf' (159K)
[2017.12.06-22.38.37:487][  2]LogRenderer: Reallocating scene render targets to support 840x340 Format 10 NumSamples 1 (Frame:1).
[2017.12.06-22.39.51:432][223]LogEditorViewport: Clicking Background
[2017.12.06-22.40.29:751][516]Cmd: MODE GRID=0
[2017.12.06-22.40.30:190][568]Cmd: MODE GRID=1
[2017.12.06-22.40.39:724][644]LogEditorViewport: Clicking Background
[2017.12.06-22.40.40:291][712]LogEditorViewport: Clicking Background
[2017.12.06-22.40.40:559][744]LogEditorViewport: Clicking Background
[2017.12.06-22.40.40:900][785]LogEditorViewport: Clicking Background
[2017.12.06-22.40.50:784][914]LogEditorViewport: Clicking on Actor (LMB): SkyLight (SkyLight)
[2017.12.06-22.40.56:122][547]LogEditorViewport: Clicking on Actor (LMB): StaticMeshActor (Table)
[2017.12.06-22.40.57:856][741]LogEditorViewport: Clicking on Actor (LMB): PlayerStart (Player Start)
[2017.12.06-22.40.59:452][930]LogEditorViewport: Clicking Background
[2017.12.06-22.43.07:998][415]Cmd: MAP LOAD FILE="../../../Engine/Content/Maps/Templates/Template_Default.umap" TEMPLATE=1 SHOWPROGRESS=1 FEATURELEVEL=3
[2017.12.06-22.43.08:004][415]LogSlate: Took 0.000161 seconds to synchronously load lazily loaded font '../../../Engine/Content/Slate/Fonts/Roboto-Light.ttf' (159K)
[2017.12.06-22.43.08:022][415]LightingResults: New page: 라이팅 빌드
[2017.12.06-22.43.08:023][415]LoadErrors: New page: 맵 로드중: Template_Default.umap
[2017.12.06-22.43.08:026][415]MapCheck: New page: 맵 체크
[2017.12.06-22.43.08:026][415]LightingResults: New page: 라이팅 빌드
[2017.12.06-22.43.08:115][415]LogAIModule: Creating AISystem for world Untitled_1
[2017.12.06-22.43.08:123][415]LogEditorServer: Finished looking for orphan Actors (0.000 secs)
[2017.12.06-22.43.08:137][415]Cmd: MAP CHECKDEP NOCLEARLOG
[2017.12.06-22.43.08:223][415]MapCheck: 맵 체크 완료: 오류 0 회, 경고 0 회, 소요 시간 86.586ms.
[2017.12.06-22.43.08:223][415]LogFileHelpers: Loading map 'Template_Default' took 0.226
[2017.12.06-22.43.13:340][ 27]LogEditorViewport: Clicking on Actor (LMB): StaticMeshActor (Floor)
[2017.12.06-22.43.18:418][625]LogRenderer: Reallocating scene render targets to support 1208x576 Format 10 NumSamples 1 (Frame:1217).
[2017.12.06-22.46.00:943][655]Cmd: MAP LOAD FILE="../../../../../../Users/eowls/OneDrive/문서/GitHub/paper2dgame/Mypaper/Content/My2dmap.umap" TEMPLATE=0 SHOWPROGRESS=1 FEATURELEVEL=3
[2017.12.06-22.46.00:954][655]LightingResults: New page: 라이팅 빌드
[2017.12.06-22.46.00:955][655]LoadErrors: New page: 맵 로드중: My2dmap.umap
[2017.12.06-22.46.00:956][655]MapCheck: New page: 맵 체크
[2017.12.06-22.46.00:956][655]LightingResults: New page: 라이팅 빌드
[2017.12.06-22.46.01:069][655]LogTexture: Display: 텍스처 빌드: PrototypeTexture (AutoDXT, 256X256)
[2017.12.06-22.46.01:069][655]LogTexture: Display: 텍스처 빌드: 2DBackground (AutoDXT, 512X512)
[2017.12.06-22.46.01:088][655]LogMaterial: Missing cached shader map for material Levelprototype, compiling. 
[2017.12.06-22.46.01:098][655]LogAIModule: Creating AISystem for world My2dmap
[2017.12.06-22.46.01:102][655]LogEditorServer: Finished looking for orphan Actors (0.000 secs)
[2017.12.06-22.46.01:128][655]Cmd: MAP CHECKDEP NOCLEARLOG
[2017.12.06-22.46.01:218][655]MapCheck: 맵 체크 완료: 오류 0 회, 경고 0 회, 소요 시간 89.85ms.
[2017.12.06-22.46.01:218][655]LogFileHelpers: Loading map 'My2dmap' took 0.276
[2017.12.06-22.48.14:471][769]LogInit: XAudio2 using '스피커(2- High Definition Audio 장치)' : 2 channels at 48 kHz using 16 bits per sample (channel mask 0x3)
[2017.12.06-22.49.27:262][618]LogEditorViewport: Clicking on Actor (LMB): PaperSpriteActor (PrototypeSprite)
[2017.12.06-22.49.28:739][791]LogSlate: Took 0.001148 seconds to synchronously load lazily loaded font '../../../Engine/Content/Editor/Slate/Fonts/Roboto-Italic.ttf' (157K)
[2017.12.06-22.51.50:247][959]LogSlate: Took 0.001290 seconds to synchronously load lazily loaded font '../../../Engine/Content/Editor/Slate/Fonts/Roboto-BoldCondensed.ttf' (158K)
[2017.12.06-22.52.11:259][674]LogSlate: Took 0.000204 seconds to synchronously load lazily loaded font '../../../Engine/Content/Slate/Fonts/Roboto-Light.ttf' (159K)
[2017.12.06-22.52.17:647][385]LogTexture: Display: 텍스처 빌드: 2DBackgroundBlockAtlas (AutoDXT, 1024X1024)
[2017.12.06-22.52.55:747][886]LogContentBrowser: Native class hierarchy updated for 'TextureEditor' in 0.0003 seconds. Added 1 classes and 2 folders.
[2017.12.06-22.57.07:647][446]Cmd: OBJ SAVEPACKAGE PACKAGE="/Game/My2dmap" FILE="../../../../../../Users/eowls/OneDrive/문서/GitHub/paper2dgame/Mypaper/Saved/Autosaves/Game/My2dmap_Auto1.umap" SILENT=true AUTOSAVING=true KEEPDIRTY=false
[2017.12.06-22.57.07:678][446]LogSavePackage: Save=19.87ms
[2017.12.06-22.57.07:678][446]LogSavePackage: Moving '../../../../../../Users/eowls/OneDrive/문서/GitHub/paper2dgame/Mypaper/Saved/My2dmap_Auto1E993FDCB46064C171ED9BD916F77F9A0.tmp' to '../../../../../../Users/eowls/OneDrive/문서/GitHub/paper2dgame/Mypaper/Saved/Autosaves/Game/My2dmap_Auto1.umap'
[2017.12.06-22.57.07:682][446]LogSavePackage: Display: Finished SavePackage ../../../../../../Users/eowls/OneDrive/문서/GitHub/paper2dgame/Mypaper/Saved/Autosaves/Game/My2dmap_Auto1.umap
[2017.12.06-22.57.07:685][446]LogFileHelpers: Editor autosave (incl. sublevels) for '/Game/My2dmap' took 0.054
[2017.12.06-22.57.07:685][446]LogFileHelpers: Editor autosave (incl. sublevels) for all levels took 0.054
[2017.12.06-22.57.07:689][446]OBJ SavePackage: Generating thumbnails for [1] asset(s) in package [/Game/Sprites/Platform] ([1] browsable assets)...
[2017.12.06-22.57.07:698][446]OBJ SavePackage:     Rendered thumbnail for [PaperSprite /Game/Sprites/Platform.Platform]
[2017.12.06-22.57.07:698][446]OBJ SavePackage: Finished generating thumbnails for package [/Game/Sprites/Platform]
[2017.12.06-22.57.07:708][446]LogSavePackage: Save=7.27ms
[2017.12.06-22.57.07:708][446]LogSavePackage: Moving '../../../../../../Users/eowls/OneDrive/문서/GitHub/paper2dgame/Mypaper/Saved/Platform_Auto14F7DAE934FB95202422CA0BF59E72DE6.tmp' to '../../../../../../Users/eowls/OneDrive/문서/GitHub/paper2dgame/Mypaper/Saved/Autosaves/Game/Sprites/Platform_Auto1.uasset'
[2017.12.06-22.57.07:712][446]LogSavePackage: Display: Finished SavePackage ../../../../../../Users/eowls/OneDrive/문서/GitHub/paper2dgame/Mypaper/Saved/Autosaves/Game/Sprites/Platform_Auto1.uasset
[2017.12.06-22.57.07:712][446]LogFileHelpers: Auto-saving content packages took 0.025
[2017.12.06-23.00.17:030][ 42]Cmd: TRANSACTION UNDO
[2017.12.06-23.00.17:030][ 42]LogEditorTransaction: Undo Modification in Viewport
[2017.12.06-23.02.54:432][163]Cmd: OBJ SAVEPACKAGE PACKAGE="/Game/Sprites/Platform" FILE="../../../../../../Users/eowls/OneDrive/문서/GitHub/paper2dgame/Mypaper/Content/Sprites/Platform.uasset" SILENT=true
[2017.12.06-23.02.54:443][163]LogSavePackage: Save=8.39ms
[2017.12.06-23.02.54:443][163]LogSavePackage: Moving '../../../../../../Users/eowls/OneDrive/문서/GitHub/paper2dgame/Mypaper/Saved/PlatformB679772A4C10980244C26F8AC13DDD34.tmp' to '../../../../../../Users/eowls/OneDrive/문서/GitHub/paper2dgame/Mypaper/Content/Sprites/Platform.uasset'
[2017.12.06-23.02.54:449][163]LogSavePackage: Display: Finished SavePackage ../../../../../../Users/eowls/OneDrive/문서/GitHub/paper2dgame/Mypaper/Content/Sprites/Platform.uasset
[2017.12.06-23.02.55:839][310]Cmd: OBJ SAVEPACKAGE PACKAGE="/Game/Sprites/Platform" FILE="../../../../../../Users/eowls/OneDrive/문서/GitHub/paper2dgame/Mypaper/Content/Sprites/Platform.uasset" SILENT=true
[2017.12.06-23.02.55:853][310]LogSavePackage: Save=6.61ms
[2017.12.06-23.02.55:853][310]LogSavePackage: Moving '../../../../../../Users/eowls/OneDrive/문서/GitHub/paper2dgame/Mypaper/Saved/Platform2EC6E37349F2A16D895A58B16264D6FD.tmp' to '../../../../../../Users/eowls/OneDrive/문서/GitHub/paper2dgame/Mypaper/Content/Sprites/Platform.uasset'
[2017.12.06-23.02.55:856][310]LogSavePackage: Display: Finished SavePackage ../../../../../../Users/eowls/OneDrive/문서/GitHub/paper2dgame/Mypaper/Content/Sprites/Platform.uasset
[2017.12.06-23.04.16:374][399]Cmd: TRANSACTION UNDO
[2017.12.06-23.04.16:374][399]LogEditorTransaction: Undo Modification in Viewport
[2017.12.06-23.04.54:115][309]Cmd: OBJ SAVEPACKAGE PACKAGE="/Game/Sprites/Platform" FILE="../../../../../../Users/eowls/OneDrive/문서/GitHub/paper2dgame/Mypaper/Content/Sprites/Platform.uasset" SILENT=true
[2017.12.06-23.04.54:131][309]LogSavePackage: Save=9.62ms
[2017.12.06-23.04.54:131][309]LogSavePackage: Moving '../../../../../../Users/eowls/OneDrive/문서/GitHub/paper2dgame/Mypaper/Saved/Platform22B4EAB94A06D05EB2B99996AFB2A12A.tmp' to '../../../../../../Users/eowls/OneDrive/문서/GitHub/paper2dgame/Mypaper/Content/Sprites/Platform.uasset'
[2017.12.06-23.04.54:138][309]LogSavePackage: Display: Finished SavePackage ../../../../../../Users/eowls/OneDrive/문서/GitHub/paper2dgame/Mypaper/Content/Sprites/Platform.uasset
[2017.12.06-23.05.59:410][ 40]LogTemp: Repeating last play command: 선택된 뷰포트
[2017.12.06-23.05.59:494][ 40]LogPlayLevel: PlayLevel: No blueprints needed recompiling
[2017.12.06-23.05.59:495][ 40]PIE: New page: PIE 세션: My2dmap (2017. 12. 7. 오후 5:05:59)
[2017.12.06-23.05.59:495][ 40]LogPlayLevel: Creating play world package: /Game/UEDPIE_0_My2dmap
[2017.12.06-23.05.59:497][ 40]LogPlayLevel: PIE: StaticDuplicateObject took: (0.001294s)
[2017.12.06-23.05.59:497][ 40]LogAIModule: Creating AISystem for world My2dmap
[2017.12.06-23.05.59:498][ 40]LogPlayLevel: PIE: World Init took: (0.000969s)
[2017.12.06-23.05.59:498][ 40]LogPlayLevel: PIE: Created PIE world by copying editor world from /Game/My2dmap.My2dmap to /Game/UEDPIE_0_My2dmap.My2dmap (0.002475s)
[2017.12.06-23.05.59:533][ 40]LogInit: XAudio2 using '스피커(2- High Definition Audio 장치)' : 2 channels at 48 kHz using 16 bits per sample (channel mask 0x3)
[2017.12.06-23.05.59:549][ 40]LogInit: FAudioDevice initialized.
[2017.12.06-23.05.59:590][ 40]LogLoad: Game class is 'GameModeBase'
[2017.12.06-23.05.59:592][ 40]LogWorld: Bringing World /Game/UEDPIE_0_My2dmap.My2dmap up for play (max tick rate 0) at 2017.12.07-08.05.59
[2017.12.06-23.05.59:592][ 40]LogWorld: Bringing up level for play took: 0.000696
[2017.12.06-23.05.59:649][ 40]LogContentBrowser: Native class hierarchy updated for 'MovieSceneCapture' in 0.0003 seconds. Added 11 classes and 0 folders.
[2017.12.06-23.05.59:650][ 40]PIE: /Game/UEDPIE_0_My2dmap 에 대한 에디터에서 플레이 시작 시간: -0.279
[2017.12.06-23.06.18:355][268]Cmd: TRANSACTION UNDO
[2017.12.06-23.06.18:355][268]LogEditorTransaction: Undo 범위 선택
[2017.12.06-23.06.24:194][966]LogTemp: Repeating last play command: 선택된 뷰포트
[2017.12.06-23.06.24:205][966]LogPlayLevel: PlayLevel: No blueprints needed recompiling
[2017.12.06-23.06.24:205][966]PIE: New page: PIE 세션: My2dmap (2017. 12. 7. 오후 5:06:24)
[2017.12.06-23.06.24:205][966]LogPlayLevel: Creating play world package: /Game/UEDPIE_0_My2dmap
[2017.12.06-23.06.24:206][966]LogPlayLevel: PIE: StaticDuplicateObject took: (0.000802s)
[2017.12.06-23.06.24:206][966]LogAIModule: Creating AISystem for world My2dmap
[2017.12.06-23.06.24:206][966]LogPlayLevel: PIE: World Init took: (0.000569s)
[2017.12.06-23.06.24:206][966]LogPlayLevel: PIE: Created PIE world by copying editor world from /Game/My2dmap.My2dmap to /Game/UEDPIE_0_My2dmap.My2dmap (0.001582s)
[2017.12.06-23.06.24:237][966]LogInit: XAudio2 using '스피커(2- High Definition Audio 장치)' : 2 channels at 48 kHz using 16 bits per sample (channel mask 0x3)
[2017.12.06-23.06.24:249][966]LogInit: FAudioDevice initialized.
[2017.12.06-23.06.24:279][966]LogLoad: Game class is 'GameModeBase'
[2017.12.06-23.06.24:279][966]LogWorld: Bringing World /Game/UEDPIE_0_My2dmap.My2dmap up for play (max tick rate 0) at 2017.12.07-08.06.24
[2017.12.06-23.06.24:280][966]LogWorld: Bringing up level for play took: 0.000575
[2017.12.06-23.06.24:281][966]PIE: /Game/UEDPIE_0_My2dmap 에 대한 에디터에서 플레이 시작 시간: 0.351
[2017.12.06-23.06.58:323][735]LogTemp: Repeating last play command: 선택된 뷰포트
[2017.12.06-23.06.58:333][735]LogPlayLevel: PlayLevel: No blueprints needed recompiling
[2017.12.06-23.06.58:333][735]PIE: New page: PIE 세션: My2dmap (2017. 12. 7. 오후 5:06:58)
[2017.12.06-23.06.58:334][735]LogPlayLevel: Creating play world package: /Game/UEDPIE_0_My2dmap
[2017.12.06-23.06.58:334][735]LogPlayLevel: PIE: StaticDuplicateObject took: (0.000919s)
[2017.12.06-23.06.58:335][735]LogAIModule: Creating AISystem for world My2dmap
[2017.12.06-23.06.58:335][735]LogPlayLevel: PIE: World Init took: (0.000553s)
[2017.12.06-23.06.58:335][735]LogPlayLevel: PIE: Created PIE world by copying editor world from /Game/My2dmap.My2dmap to /Game/UEDPIE_0_My2dmap.My2dmap (0.001725s)
[2017.12.06-23.06.58:366][735]LogInit: XAudio2 using '스피커(2- High Definition Audio 장치)' : 2 channels at 48 kHz using 16 bits per sample (channel mask 0x3)
[2017.12.06-23.06.58:378][735]LogInit: FAudioDevice initialized.
[2017.12.06-23.06.58:408][735]LogLoad: Game class is 'GameModeBase'
[2017.12.06-23.06.58:409][735]LogWorld: Bringing World /Game/UEDPIE_0_My2dmap.My2dmap up for play (max tick rate 0) at 2017.12.07-08.06.58
[2017.12.06-23.06.58:410][735]LogWorld: Bringing up level for play took: 0.000545
[2017.12.06-23.06.58:411][735]PIE: /Game/UEDPIE_0_My2dmap 에 대한 에디터에서 플레이 시작 시간: 0.481
[2017.12.06-23.07.24:348][632]LogEditorViewport: Clicking on Actor (LMB): PaperSpriteActor (Platform)
[2017.12.06-23.07.36:886][616]LogEditorViewport: Clicking Background
[2017.12.06-23.07.48:255][973]LogEditorViewport: Clicking Background
[2017.12.06-23.08.24:244][283]LogTemp: Repeating last play command: 선택된 뷰포트
[2017.12.06-23.08.24:253][283]LogPlayLevel: PlayLevel: No blueprints needed recompiling
[2017.12.06-23.08.24:254][283]PIE: New page: PIE 세션: My2dmap (2017. 12. 7. 오후 5:08:24)
[2017.12.06-23.08.24:254][283]LogPlayLevel: Creating play world package: /Game/UEDPIE_0_My2dmap
[2017.12.06-23.08.24:255][283]LogPlayLevel: PIE: StaticDuplicateObject took: (0.000895s)
[2017.12.06-23.08.24:255][283]LogAIModule: Creating AISystem for world My2dmap
[2017.12.06-23.08.24:255][283]LogPlayLevel: PIE: World Init took: (0.000541s)
[2017.12.06-23.08.24:255][283]LogPlayLevel: PIE: Created PIE world by copying editor world from /Game/My2dmap.My2dmap to /Game/UEDPIE_0_My2dmap.My2dmap (0.001628s)
[2017.12.06-23.08.24:287][283]LogInit: XAudio2 using '스피커(2- High Definition Audio 장치)' : 2 channels at 48 kHz using 16 bits per sample (channel mask 0x3)
[2017.12.06-23.08.24:299][283]LogInit: FAudioDevice initialized.
[2017.12.06-23.08.24:331][283]LogLoad: Game class is 'GameModeBase'
[2017.12.06-23.08.24:333][283]LogWorld: Bringing World /Game/UEDPIE_0_My2dmap.My2dmap up for play (max tick rate 0) at 2017.12.07-08.08.24
[2017.12.06-23.08.24:333][283]LogWorld: Bringing up level for play took: 0.000545
[2017.12.06-23.08.24:334][283]PIE: /Game/UEDPIE_0_My2dmap 에 대한 에디터에서 플레이 시작 시간: 0.405
[2017.12.06-23.08.52:673][674]LogTemp: Repeating last play command: 선택된 뷰포트
[2017.12.06-23.08.52:684][674]LogPlayLevel: PlayLevel: No blueprints needed recompiling
[2017.12.06-23.08.52:684][674]PIE: New page: PIE 세션: My2dmap (2017. 12. 7. 오후 5:08:52)
[2017.12.06-23.08.52:684][674]LogPlayLevel: Creating play world package: /Game/UEDPIE_0_My2dmap
[2017.12.06-23.08.52:685][674]LogPlayLevel: PIE: StaticDuplicateObject took: (0.000833s)
[2017.12.06-23.08.52:686][674]LogAIModule: Creating AISystem for world My2dmap
[2017.12.06-23.08.52:686][674]LogPlayLevel: PIE: World Init took: (0.000568s)
[2017.12.06-23.08.52:686][674]LogPlayLevel: PIE: Created PIE world by copying editor world from /Game/My2dmap.My2dmap to /Game/UEDPIE_0_My2dmap.My2dmap (0.001618s)
[2017.12.06-23.08.52:716][674]LogInit: XAudio2 using '스피커(2- High Definition Audio 장치)' : 2 channels at 48 kHz using 16 bits per sample (channel mask 0x3)
[2017.12.06-23.08.52:729][674]LogInit: FAudioDevice initialized.
[2017.12.06-23.08.52:762][674]LogLoad: Game class is 'GameModeBase'
[2017.12.06-23.08.52:763][674]LogWorld: Bringing World /Game/UEDPIE_0_My2dmap.My2dmap up for play (max tick rate 0) at 2017.12.07-08.08.52
[2017.12.06-23.08.52:763][674]LogWorld: Bringing up level for play took: 0.000534
[2017.12.06-23.08.52:764][674]PIE: /Game/UEDPIE_0_My2dmap 에 대한 에디터에서 플레이 시작 시간: 0.834
[2017.12.06-23.10.03:286][645]LogPlayLevel: PlayLevel: No blueprints needed recompiling
[2017.12.06-23.10.03:286][645]PIE: New page: SIE 세션: My2dmap (2017. 12. 7. 오후 5:10:03)
[2017.12.06-23.10.03:287][645]LogPlayLevel: Creating play world package: /Game/UEDPIE_0_My2dmap
[2017.12.06-23.10.03:287][645]LogPlayLevel: PIE: StaticDuplicateObject took: (0.000821s)
[2017.12.06-23.10.03:288][645]LogAIModule: Creating AISystem for world My2dmap
[2017.12.06-23.10.03:288][645]LogPlayLevel: PIE: World Init took: (0.000614s)
[2017.12.06-23.10.03:288][645]LogPlayLevel: PIE: Created PIE world by copying editor world from /Game/My2dmap.My2dmap to /Game/UEDPIE_0_My2dmap.My2dmap (0.001663s)
[2017.12.06-23.10.03:320][645]LogInit: XAudio2 using '스피커(2- High Definition Audio 장치)' : 2 channels at 48 kHz using 16 bits per sample (channel mask 0x3)
[2017.12.06-23.10.03:332][645]LogInit: FAudioDevice initialized.
[2017.12.06-23.10.03:361][645]LogLoad: Game class is 'GameModeBase'
[2017.12.06-23.10.03:362][645]LogWorld: Bringing World /Game/UEDPIE_0_My2dmap.My2dmap up for play (max tick rate 0) at 2017.12.07-08.10.03
[2017.12.06-23.10.03:362][645]LogWorld: Bringing up level for play took: 0.000638
[2017.12.06-23.10.03:363][645]PIE: /Game/UEDPIE_0_My2dmap 에 대한 에디터에서 플레이 시작 시간: -0.566
[2017.12.06-23.10.08:316][231]LogTemp: Repeating last play command: 시뮬레이트
[2017.12.06-23.10.08:326][231]LogPlayLevel: PlayLevel: No blueprints needed recompiling
[2017.12.06-23.10.08:326][231]PIE: New page: SIE 세션: My2dmap (2017. 12. 7. 오후 5:10:08)
[2017.12.06-23.10.08:326][231]LogPlayLevel: Creating play world package: /Game/UEDPIE_0_My2dmap
[2017.12.06-23.10.08:327][231]LogPlayLevel: PIE: StaticDuplicateObject took: (0.000803s)
[2017.12.06-23.10.08:328][231]LogAIModule: Creating AISystem for world My2dmap
[2017.12.06-23.10.08:328][231]LogPlayLevel: PIE: World Init took: (0.000534s)
[2017.12.06-23.10.08:328][231]LogPlayLevel: PIE: Created PIE world by copying editor world from /Game/My2dmap.My2dmap to /Game/UEDPIE_0_My2dmap.My2dmap (0.001511s)
[2017.12.06-23.10.08:360][231]LogInit: XAudio2 using '스피커(2- High Definition Audio 장치)' : 2 channels at 48 kHz using 16 bits per sample (channel mask 0x3)
[2017.12.06-23.10.08:372][231]LogInit: FAudioDevice initialized.
[2017.12.06-23.10.08:406][231]LogLoad: Game class is 'GameModeBase'
[2017.12.06-23.10.08:407][231]LogWorld: Bringing World /Game/UEDPIE_0_My2dmap.My2dmap up for play (max tick rate 0) at 2017.12.07-08.10.08
[2017.12.06-23.10.08:407][231]LogWorld: Bringing up level for play took: 0.000580
[2017.12.06-23.10.08:408][231]PIE: /Game/UEDPIE_0_My2dmap 에 대한 에디터에서 플레이 시작 시간: 0.478
[2017.12.06-23.10.21:242][214]Cmd: OBJ SAVEPACKAGE PACKAGE="/Game/My2dmap" FILE="../../../../../../Users/eowls/OneDrive/문서/GitHub/paper2dgame/Mypaper/Saved/Autosaves/Game/My2dmap_Auto2.umap" SILENT=true AUTOSAVING=true KEEPDIRTY=false
[2017.12.06-23.10.21:266][214]LogSavePackage: Save=16.89ms
[2017.12.06-23.10.21:266][214]LogSavePackage: Moving '../../../../../../Users/eowls/OneDrive/문서/GitHub/paper2dgame/Mypaper/Saved/My2dmap_Auto28D6713FA430CB59F3C9159B1F36C1328.tmp' to '../../../../../../Users/eowls/OneDrive/문서/GitHub/paper2dgame/Mypaper/Saved/Autosaves/Game/My2dmap_Auto2.umap'
[2017.12.06-23.10.21:270][214]LogSavePackage: Display: Finished SavePackage ../../../../../../Users/eowls/OneDrive/문서/GitHub/paper2dgame/Mypaper/Saved/Autosaves/Game/My2dmap_Auto2.umap
[2017.12.06-23.10.21:273][214]LogFileHelpers: Editor autosave (incl. sublevels) for '/Game/My2dmap' took 0.043
[2017.12.06-23.10.21:273][214]LogFileHelpers: Editor autosave (incl. sublevels) for all levels took 0.043
[2017.12.06-23.10.31:542][245]LogEditorViewport: Clicking on Actor (LMB): PaperSpriteActor (Platform)
[2017.12.06-23.12.20:242][553]LogTemp: Repeating last play command: 시뮬레이트
[2017.12.06-23.12.20:252][553]LogPlayLevel: PlayLevel: No blueprints needed recompiling
[2017.12.06-23.12.20:252][553]PIE: New page: SIE 세션: My2dmap (2017. 12. 7. 오후 5:12:20)
[2017.12.06-23.12.20:252][553]LogPlayLevel: Creating play world package: /Game/UEDPIE_0_My2dmap
[2017.12.06-23.12.20:253][553]LogPlayLevel: PIE: StaticDuplicateObject took: (0.000896s)
[2017.12.06-23.12.20:254][553]LogAIModule: Creating AISystem for world My2dmap
[2017.12.06-23.12.20:254][553]LogPlayLevel: PIE: World Init took: (0.000689s)
[2017.12.06-23.12.20:254][553]LogPlayLevel: PIE: Created PIE world by copying editor world from /Game/My2dmap.My2dmap to /Game/UEDPIE_0_My2dmap.My2dmap (0.001932s)
[2017.12.06-23.12.20:288][553]LogInit: XAudio2 using '스피커(2- High Definition Audio 장치)' : 2 channels at 48 kHz using 16 bits per sample (channel mask 0x3)
[2017.12.06-23.12.20:301][553]LogInit: FAudioDevice initialized.
[2017.12.06-23.12.20:336][553]LogLoad: Game class is 'GameModeBase'
[2017.12.06-23.12.20:337][553]LogWorld: Bringing World /Game/UEDPIE_0_My2dmap.My2dmap up for play (max tick rate 0) at 2017.12.07-08.12.20
[2017.12.06-23.12.20:337][553]LogWorld: Bringing up level for play took: 0.000681
[2017.12.06-23.12.20:338][553]PIE: /Game/UEDPIE_0_My2dmap 에 대한 에디터에서 플레이 시작 시간: 0.408
[2017.12.06-23.12.27:316][381]LogEditorViewport: Clicking on Actor (LMB): PaperSpriteActor (Platform)
[2017.12.06-23.12.45:212][519]LogTemp: Repeating last play command: 시뮬레이트
[2017.12.06-23.12.45:222][519]LogPlayLevel: PlayLevel: No blueprints needed recompiling
[2017.12.06-23.12.45:222][519]PIE: New page: SIE 세션: My2dmap (2017. 12. 7. 오후 5:12:45)
[2017.12.06-23.12.45:222][519]LogPlayLevel: Creating play world package: /Game/UEDPIE_0_My2dmap
[2017.12.06-23.12.45:223][519]LogPlayLevel: PIE: StaticDuplicateObject took: (0.000894s)
[2017.12.06-23.12.45:223][519]LogAIModule: Creating AISystem for world My2dmap
[2017.12.06-23.12.45:223][519]LogPlayLevel: PIE: World Init took: (0.000607s)
[2017.12.06-23.12.45:223][519]LogPlayLevel: PIE: Created PIE world by copying editor world from /Game/My2dmap.My2dmap to /Game/UEDPIE_0_My2dmap.My2dmap (0.001743s)
[2017.12.06-23.12.45:258][519]LogInit: XAudio2 using '스피커(2- High Definition Audio 장치)' : 2 channels at 48 kHz using 16 bits per sample (channel mask 0x3)
[2017.12.06-23.12.45:272][519]LogInit: FAudioDevice initialized.
[2017.12.06-23.12.45:304][519]LogLoad: Game class is 'GameModeBase'
[2017.12.06-23.12.45:305][519]LogWorld: Bringing World /Game/UEDPIE_0_My2dmap.My2dmap up for play (max tick rate 0) at 2017.12.07-08.12.45
[2017.12.06-23.12.45:306][519]LogWorld: Bringing up level for play took: 0.000715
[2017.12.06-23.12.45:306][519]PIE: /Game/UEDPIE_0_My2dmap 에 대한 에디터에서 플레이 시작 시간: -0.623
[2017.12.06-23.12.50:970][190]LogEditorViewport: Clicking on Actor (LMB): PaperSpriteActor (2DBackground_Sprite)
[2017.12.06-23.12.51:852][291]LogEditorViewport: Clicking on Actor (LMB): PaperSpriteActor (Platform)
[2017.12.06-23.12.57:763][993]LogTemp: Repeating last play command: 시뮬레이트
[2017.12.06-23.12.57:773][993]LogPlayLevel: PlayLevel: No blueprints needed recompiling
[2017.12.06-23.12.57:774][993]PIE: New page: SIE 세션: My2dmap (2017. 12. 7. 오후 5:12:57)
[2017.12.06-23.12.57:774][993]LogPlayLevel: Creating play world package: /Game/UEDPIE_0_My2dmap
[2017.12.06-23.12.57:775][993]LogPlayLevel: PIE: StaticDuplicateObject took: (0.000908s)
[2017.12.06-23.12.57:775][993]LogAIModule: Creating AISystem for world My2dmap
[2017.12.06-23.12.57:775][993]LogPlayLevel: PIE: World Init took: (0.000565s)
[2017.12.06-23.12.57:775][993]LogPlayLevel: PIE: Created PIE world by copying editor world from /Game/My2dmap.My2dmap to /Game/UEDPIE_0_My2dmap.My2dmap (0.001704s)
[2017.12.06-23.12.57:807][993]LogInit: XAudio2 using '스피커(2- High Definition Audio 장치)' : 2 channels at 48 kHz using 16 bits per sample (channel mask 0x3)
[2017.12.06-23.12.57:819][993]LogInit: FAudioDevice initialized.
[2017.12.06-23.12.57:852][993]LogLoad: Game class is 'GameModeBase'
[2017.12.06-23.12.57:852][993]LogWorld: Bringing World /Game/UEDPIE_0_My2dmap.My2dmap up for play (max tick rate 0) at 2017.12.07-08.12.57
[2017.12.06-23.12.57:853][993]LogWorld: Bringing up level for play took: 0.000651
[2017.12.06-23.12.57:853][993]PIE: /Game/UEDPIE_0_My2dmap 에 대한 에디터에서 플레이 시작 시간: -0.076
[2017.12.06-23.13.05:530][906]LogEditorViewport: Clicking on Actor (LMB): PaperSpriteActor (Platform)
[2017.12.06-23.13.20:521][692]LogTemp: Repeating last play command: 시뮬레이트
[2017.12.06-23.13.20:531][692]LogPlayLevel: PlayLevel: No blueprints needed recompiling
[2017.12.06-23.13.20:531][692]PIE: New page: SIE 세션: My2dmap (2017. 12. 7. 오후 5:13:20)
[2017.12.06-23.13.20:531][692]LogPlayLevel: Creating play world package: /Game/UEDPIE_0_My2dmap
[2017.12.06-23.13.20:532][692]LogPlayLevel: PIE: StaticDuplicateObject took: (0.000918s)
[2017.12.06-23.13.20:533][692]LogAIModule: Creating AISystem for world My2dmap
[2017.12.06-23.13.20:533][692]LogPlayLevel: PIE: World Init took: (0.000662s)
[2017.12.06-23.13.20:533][692]LogPlayLevel: PIE: Created PIE world by copying editor world from /Game/My2dmap.My2dmap to /Game/UEDPIE_0_My2dmap.My2dmap (0.001766s)
[2017.12.06-23.13.20:565][692]LogInit: XAudio2 using '스피커(2- High Definition Audio 장치)' : 2 channels at 48 kHz using 16 bits per sample (channel mask 0x3)
[2017.12.06-23.13.20:577][692]LogInit: FAudioDevice initialized.
[2017.12.06-23.13.20:609][692]LogLoad: Game class is 'GameModeBase'
[2017.12.06-23.13.20:610][692]LogWorld: Bringing World /Game/UEDPIE_0_My2dmap.My2dmap up for play (max tick rate 0) at 2017.12.07-08.13.20
[2017.12.06-23.13.20:610][692]LogWorld: Bringing up level for play took: 0.000564
[2017.12.06-23.13.20:611][692]PIE: /Game/UEDPIE_0_My2dmap 에 대한 에디터에서 플레이 시작 시간: 0.681
[2017.12.06-23.13.27:672][532]LogEditorViewport: Clicking on Actor (LMB): PaperSpriteActor (Platform)
[2017.12.06-23.14.23:766][229]LogTemp: Repeating last play command: 시뮬레이트
[2017.12.06-23.14.23:776][229]LogPlayLevel: PlayLevel: No blueprints needed recompiling
[2017.12.06-23.14.23:776][229]PIE: New page: SIE 세션: My2dmap (2017. 12. 7. 오후 5:14:23)
[2017.12.06-23.14.23:776][229]LogPlayLevel: Creating play world package: /Game/UEDPIE_0_My2dmap
[2017.12.06-23.14.23:777][229]LogPlayLevel: PIE: StaticDuplicateObject took: (0.000912s)
[2017.12.06-23.14.23:777][229]LogAIModule: Creating AISystem for world My2dmap
[2017.12.06-23.14.23:777][229]LogPlayLevel: PIE: World Init took: (0.000582s)
[2017.12.06-23.14.23:778][229]LogPlayLevel: PIE: Created PIE world by copying editor world from /Game/My2dmap.My2dmap to /Game/UEDPIE_0_My2dmap.My2dmap (0.001798s)
[2017.12.06-23.14.23:810][229]LogInit: XAudio2 using '스피커(2- High Definition Audio 장치)' : 2 channels at 48 kHz using 16 bits per sample (channel mask 0x3)
[2017.12.06-23.14.23:822][229]LogInit: FAudioDevice initialized.
[2017.12.06-23.14.23:857][229]LogLoad: Game class is 'GameModeBase'
[2017.12.06-23.14.23:858][229]LogWorld: Bringing World /Game/UEDPIE_0_My2dmap.My2dmap up for play (max tick rate 0) at 2017.12.07-08.14.23
[2017.12.06-23.14.23:858][229]LogWorld: Bringing up level for play took: 0.000550
[2017.12.06-23.14.23:859][229]PIE: /Game/UEDPIE_0_My2dmap 에 대한 에디터에서 플레이 시작 시간: -0.07
[2017.12.06-23.14.30:064][966]LogTemp: Repeating last play command: 시뮬레이트
[2017.12.06-23.14.30:073][966]LogPlayLevel: PlayLevel: No blueprints needed recompiling
[2017.12.06-23.14.30:074][966]PIE: New page: SIE 세션: My2dmap (2017. 12. 7. 오후 5:14:30)
[2017.12.06-23.14.30:074][966]LogPlayLevel: Creating play world package: /Game/UEDPIE_0_My2dmap
[2017.12.06-23.14.30:074][966]LogPlayLevel: PIE: StaticDuplicateObject took: (0.000774s)
[2017.12.06-23.14.30:075][966]LogAIModule: Creating AISystem for world My2dmap
[2017.12.06-23.14.30:075][966]LogPlayLevel: PIE: World Init took: (0.000539s)
[2017.12.06-23.14.30:075][966]LogPlayLevel: PIE: Created PIE world by copying editor world from /Game/My2dmap.My2dmap to /Game/UEDPIE_0_My2dmap.My2dmap (0.001517s)
[2017.12.06-23.14.30:109][966]LogInit: XAudio2 using '스피커(2- High Definition Audio 장치)' : 2 channels at 48 kHz using 16 bits per sample (channel mask 0x3)
[2017.12.06-23.14.30:123][966]LogInit: FAudioDevice initialized.
[2017.12.06-23.14.30:152][966]LogLoad: Game class is 'GameModeBase'
[2017.12.06-23.14.30:153][966]LogWorld: Bringing World /Game/UEDPIE_0_My2dmap.My2dmap up for play (max tick rate 0) at 2017.12.07-08.14.30
[2017.12.06-23.14.30:154][966]LogWorld: Bringing up level for play took: 0.000618
[2017.12.06-23.14.30:154][966]PIE: /Game/UEDPIE_0_My2dmap 에 대한 에디터에서 플레이 시작 시간: 0.225
[2017.12.06-23.14.32:569][255]LogEditorViewport: Clicking on Actor (LMB): PaperSpriteActor (Platform)
[2017.12.06-23.15.28:895][602]LogEditorViewport: Clicking on Actor (LMB): PaperSpriteActor (PrototypeSprite)
[2017.12.06-23.15.47:001][747]LogTemp: Repeating last play command: 시뮬레이트
[2017.12.06-23.15.47:010][747]LogPlayLevel: PlayLevel: No blueprints needed recompiling
[2017.12.06-23.15.47:011][747]PIE: New page: SIE 세션: My2dmap (2017. 12. 7. 오후 5:15:47)
[2017.12.06-23.15.47:011][747]LogPlayLevel: Creating play world package: /Game/UEDPIE_0_My2dmap
[2017.12.06-23.15.47:012][747]LogPlayLevel: PIE: StaticDuplicateObject took: (0.000914s)
[2017.12.06-23.15.47:012][747]LogAIModule: Creating AISystem for world My2dmap
[2017.12.06-23.15.47:012][747]LogPlayLevel: PIE: World Init took: (0.000592s)
[2017.12.06-23.15.47:013][747]LogPlayLevel: PIE: Created PIE world by copying editor world from /Game/My2dmap.My2dmap to /Game/UEDPIE_0_My2dmap.My2dmap (0.001761s)
[2017.12.06-23.15.47:046][747]LogInit: XAudio2 using '스피커(2- High Definition Audio 장치)' : 2 channels at 48 kHz using 16 bits per sample (channel mask 0x3)
[2017.12.06-23.15.47:059][747]LogInit: FAudioDevice initialized.
[2017.12.06-23.15.47:087][747]LogLoad: Game class is 'GameModeBase'
[2017.12.06-23.15.47:088][747]LogWorld: Bringing World /Game/UEDPIE_0_My2dmap.My2dmap up for play (max tick rate 0) at 2017.12.07-08.15.47
[2017.12.06-23.15.47:088][747]LogWorld: Bringing up level for play took: 0.000574
[2017.12.06-23.15.47:089][747]PIE: /Game/UEDPIE_0_My2dmap 에 대한 에디터에서 플레이 시작 시간: -0.841
[2017.12.06-23.15.52:225][357]LogEditorViewport: Clicking on Actor (LMB): PaperSpriteActor (Platform)
[2017.12.06-23.16.01:615][475]LogEditorViewport: Clicking on Actor (LMB): PaperSpriteActor (PrototypeSprite)
[2017.12.06-23.16.03:592][708]LogEditorViewport: Clicking on Actor (LMB): PaperSpriteActor (Platform)
[2017.12.06-23.16.25:095][114]Cmd: OBJ SAVEPACKAGE PACKAGE="/Game/My2dmap" FILE="../../../../../../Users/eowls/OneDrive/문서/GitHub/paper2dgame/Mypaper/Content/My2dmap.umap" SILENT=true AUTOSAVING=false KEEPDIRTY=false
[2017.12.06-23.16.25:127][114]LogSavePackage: Save=16.40ms
[2017.12.06-23.16.25:127][114]LogSavePackage: Moving '../../../../../../Users/eowls/OneDrive/문서/GitHub/paper2dgame/Mypaper/Saved/My2dmapDEE5BD8747C6961B59918D9E57900C18.tmp' to '../../../../../../Users/eowls/OneDrive/문서/GitHub/paper2dgame/Mypaper/Content/My2dmap.umap'
[2017.12.06-23.16.25:133][114]LogSavePackage: Display: Finished SavePackage ../../../../../../Users/eowls/OneDrive/문서/GitHub/paper2dgame/Mypaper/Content/My2dmap.umap
[2017.12.06-23.16.25:176][114]LogFileHelpers: Saving map 'My2dmap' took 0.178
[2017.12.06-23.16.27:356][349]Cmd: QUIT_EDITOR
[2017.12.06-23.16.28:193][349]LogWindowsTextInputMethodSystem: Display: IME system now activated using TSF (Microsoft 입력기).
[2017.12.06-23.16.28:206][349]LogExit: Preparing to exit.
[2017.12.06-23.16.28:954][349]LogDirectoryWatcher: A directory notification for 'C:/Users/eowls/OneDrive/문서/GitHub/paper2dgame/Mypaper/Content/' was aborted.
[2017.12.06-23.16.28:970][349]LogExit: Editor shut down
[2017.12.06-23.16.28:974][349]LogExit: Transaction tracking system shut down
[2017.12.06-23.16.29:120][349]LogDirectoryWatcher: A directory notification for '../../../Engine/Content/' was aborted.
[2017.12.06-23.16.29:120][349]LogDirectoryWatcher: A directory notification for '../../../../../../Users/eowls/OneDrive/문서/GitHub/paper2dgame/Mypaper/Content/' was aborted.
[2017.12.06-23.16.29:120][349]LogDirectoryWatcher: A directory notification for '../../../Engine/Plugins/2D/Paper2D/Content/' was aborted.
[2017.12.06-23.16.29:120][349]LogDirectoryWatcher: A directory notification for '../../../Engine/Plugins/Media/MediaCompositing/Content/' was aborted.
[2017.12.06-23.16.29:120][349]LogDirectoryWatcher: A directory notification for '../../../Engine/Plugins/Runtime/AppleARKit/Content/' was aborted.
[2017.12.06-23.16.29:120][349]LogDirectoryWatcher: A directory notification for '../../../Engine/Plugins/Runtime/Oculus/OculusVR/Content/' was aborted.
[2017.12.06-23.16.29:120][349]LogDirectoryWatcher: A directory notification for '../../../Engine/Plugins/Runtime/Steam/SteamVR/Content/' was aborted.
[2017.12.06-23.16.29:158][349]LogExit: Object subsystem successfully closed.
[2017.12.06-23.16.29:172][349]LogD3D11RHI: Shutdown
[2017.12.06-23.16.29:172][349]LogD3D11RHI: CleanupD3DDevice
[2017.12.06-23.16.29:174][349]LogD3D11RHI: ~FD3D11DynamicRHI
[2017.12.06-23.16.29:200][349]LogModuleManager: Shutting down and abandoning module MovieSceneCapture (556)
[2017.12.06-23.16.29:200][349]LogModuleManager: Shutting down and abandoning module TextureEditor (554)
[2017.12.06-23.16.29:200][349]LogModuleManager: Shutting down and abandoning module HierarchicalLODUtilities (552)
[2017.12.06-23.16.29:200][349]LogModuleManager: Shutting down and abandoning module NewLevelDialog (550)
[2017.12.06-23.16.29:200][349]LogModuleManager: Shutting down and abandoning module HierarchicalLODOutliner (548)
[2017.12.06-23.16.29:200][349]LogModuleManager: Shutting down and abandoning module SceneOutliner (546)
[2017.12.06-23.16.29:200][349]LogModuleManager: Shutting down and abandoning module AddContentDialog (544)
[2017.12.06-23.16.29:200][349]LogDirectoryWatcher: A directory notification for 'C:/Program Files/Epic Games/UE_4.18/FeaturePacks/' was aborted.
[2017.12.06-23.16.29:201][349]LogModuleManager: Shutting down and abandoning module WidgetCarousel (543)
[2017.12.06-23.16.29:201][349]LogModuleManager: Shutting down and abandoning module EditorWidgets (540)
[2017.12.06-23.16.29:201][349]LogModuleManager: Shutting down and abandoning module CollectionManager (538)
[2017.12.06-23.16.29:201][349]LogDirectoryWatcher: A directory notification for 'C:/Users/eowls/OneDrive/문서/GitHub/paper2dgame/Mypaper/Content/Collections/' was aborted.
[2017.12.06-23.16.29:201][349]LogDirectoryWatcher: A directory notification for 'C:/Users/eowls/OneDrive/문서/GitHub/paper2dgame/Mypaper/Content/Developers/eowls/Collections/' was aborted.
[2017.12.06-23.16.29:201][349]LogDirectoryWatcher: A directory notification for 'C:/Users/eowls/OneDrive/문서/GitHub/paper2dgame/Mypaper/Saved/Collections/' was aborted.
[2017.12.06-23.16.29:201][349]LogModuleManager: Shutting down and abandoning module StatsViewer (536)
[2017.12.06-23.16.29:201][349]LogModuleManager: Shutting down and abandoning module FoliageEdit (534)
[2017.12.06-23.16.29:201][349]LogModuleManager: Shutting down and abandoning module LandscapeEditor (532)
[2017.12.06-23.16.29:201][349]LogModuleManager: Shutting down and abandoning module MeshPaintMode (530)
[2017.12.06-23.16.29:201][349]LogModuleManager: Shutting down and abandoning module SceneDepthPickerMode (528)
[2017.12.06-23.16.29:201][349]LogModuleManager: Shutting down and abandoning module ActorPickerMode (526)
[2017.12.06-23.16.29:201][349]LogModuleManager: Shutting down and abandoning module GeometryMode (524)
[2017.12.06-23.16.29:201][349]LogModuleManager: Shutting down and abandoning module TextureAlignMode (522)
[2017.12.06-23.16.29:201][349]LogModuleManager: Shutting down and abandoning module BspMode (520)
[2017.12.06-23.16.29:201][349]LogModuleManager: Shutting down and abandoning module PIEPreviewDeviceProfileSelector (518)
[2017.12.06-23.16.29:201][349]LogModuleManager: Shutting down and abandoning module HardwareSurvey (516)
[2017.12.06-23.16.29:201][349]LogModuleManager: Shutting down and abandoning module SequenceRecorderSections (514)
[2017.12.06-23.16.29:201][349]LogModuleManager: Shutting down and abandoning module AutomationWorker (512)
[2017.12.06-23.16.29:201][349]LogModuleManager: Shutting down and abandoning module MatineeToLevelSequence (510)
[2017.12.06-23.16.29:201][349]LogModuleManager: Shutting down and abandoning module LevelSequenceEditor (508)
[2017.12.06-23.16.29:202][349]LogModuleManager: Shutting down and abandoning module PlacementMode (507)
[2017.12.06-23.16.29:202][349]LogModuleManager: Shutting down and abandoning module WmfMediaFactory (504)
[2017.12.06-23.16.29:202][349]LogModuleManager: Shutting down and abandoning module WmfMediaEditor (502)
[2017.12.06-23.16.29:202][349]LogModuleManager: Shutting down and abandoning module OpenExrWrapper (500)
[2017.12.06-23.16.29:202][349]LogModuleManager: Shutting down and abandoning module ImgMediaFactory (498)
[2017.12.06-23.16.29:202][349]LogModuleManager: Shutting down and abandoning module ImgMediaEditor (496)
[2017.12.06-23.16.29:202][349]LogModuleManager: Shutting down and abandoning module AvfMediaFactory (494)
[2017.12.06-23.16.29:202][349]LogModuleManager: Shutting down and abandoning module AvfMediaEditor (492)
[2017.12.06-23.16.29:202][349]LogModuleManager: Shutting down and abandoning module AndroidMediaFactory (490)
[2017.12.06-23.16.29:202][349]LogModuleManager: Shutting down and abandoning module AndroidMediaEditor (488)
[2017.12.06-23.16.29:202][349]LogModuleManager: Shutting down and abandoning module CharacterAI (486)
[2017.12.06-23.16.29:202][349]LogModuleManager: Shutting down and abandoning module AudioCapture (484)
[2017.12.06-23.16.29:202][349]LogModuleManager: Shutting down and abandoning module SequenceRecorder (483)
[2017.12.06-23.16.29:202][349]LogModuleManager: Shutting down and abandoning module SmartSnapping (480)
[2017.12.06-23.16.29:202][349]LogModuleManager: Shutting down and abandoning module SessionServices (478)
[2017.12.06-23.16.29:202][349]LogModuleManager: Shutting down and abandoning module ViewportSnapping (476)
[2017.12.06-23.16.29:202][349]LogModuleManager: Shutting down and abandoning module ViewportInteraction (474)
[2017.12.06-23.16.29:202][349]LogModuleManager: Shutting down and abandoning module ClothPainter (472)
[2017.12.06-23.16.29:202][349]LogModuleManager: Shutting down and abandoning module SkeletalMeshEditor (471)
[2017.12.06-23.16.29:202][349]LogModuleManager: Shutting down and abandoning module LogVisualizer (468)
[2017.12.06-23.16.29:202][349]LogModuleManager: Shutting down and abandoning module IntroTutorials (466)
[2017.12.06-23.16.29:202][349]LogModuleManager: Shutting down and abandoning module GameProjectGeneration (465)
[2017.12.06-23.16.29:202][349]LogModuleManager: Shutting down and abandoning module IOSPlatformEditor (462)
[2017.12.06-23.16.29:202][349]LogModuleManager: Shutting down and abandoning module HTML5PlatformEditor (460)
[2017.12.06-23.16.29:202][349]LogModuleManager: Shutting down and abandoning module AndroidPlatformEditor (458)
[2017.12.06-23.16.29:202][349]LogModuleManager: Shutting down and abandoning module AndroidDeviceDetection (457)
[2017.12.06-23.16.29:505][349]LogModuleManager: Shutting down and abandoning module WindowsPlatformEditor (454)
[2017.12.06-23.16.29:505][349]LogModuleManager: Shutting down and abandoning module IOSRuntimeSettings (452)
[2017.12.06-23.16.29:505][349]LogModuleManager: Shutting down and abandoning module AndroidRuntimeSettings (450)
[2017.12.06-23.16.29:505][349]LogModuleManager: Shutting down and abandoning module InputBindingEditor (448)
[2017.12.06-23.16.29:505][349]LogModuleManager: Shutting down and abandoning module MergeActors (446)
[2017.12.06-23.16.29:505][349]LogModuleManager: Shutting down and abandoning module SizeMap (444)
[2017.12.06-23.16.29:505][349]LogModuleManager: Shutting down and abandoning module TreeMap (442)
[2017.12.06-23.16.29:505][349]LogModuleManager: Shutting down and abandoning module ReferenceViewer (440)
[2017.12.06-23.16.29:505][349]LogModuleManager: Shutting down and abandoning module LocalizationDashboard (438)
[2017.12.06-23.16.29:505][349]LogModuleManager: Shutting down and abandoning module LocalizationService (437)
[2017.12.06-23.16.29:505][349]LogModuleManager: Shutting down and abandoning module HardwareTargeting (434)
[2017.12.06-23.16.29:505][349]LogModuleManager: Shutting down and abandoning module DeviceProfileEditor (432)
[2017.12.06-23.16.29:506][349]LogModuleManager: Shutting down and abandoning module UndoHistory (430)
[2017.12.06-23.16.29:506][349]LogModuleManager: Shutting down and abandoning module XmlParser (428)
[2017.12.06-23.16.29:506][349]LogModuleManager: Shutting down and abandoning module Blutility (426)
[2017.12.06-23.16.29:506][349]LogModuleManager: Shutting down and abandoning module ProjectSettingsViewer (424)
[2017.12.06-23.16.29:506][349]LogModuleManager: Shutting down and abandoning module ProjectTargetPlatformEditor (423)
[2017.12.06-23.16.29:506][349]LogModuleManager: Shutting down and abandoning module EditorSettingsViewer (420)
[2017.12.06-23.16.29:506][349]LogModuleManager: Shutting down and abandoning module SettingsEditor (418)
[2017.12.06-23.16.29:506][349]LogModuleManager: Shutting down and abandoning module ProjectLauncher (416)
[2017.12.06-23.16.29:506][349]LogModuleManager: Shutting down and abandoning module SessionFrontend (414)
[2017.12.06-23.16.29:506][349]LogModuleManager: Shutting down and abandoning module ProfilerClient (412)
[2017.12.06-23.16.29:506][349]LogModuleManager: Shutting down and abandoning module DeviceManager (410)
[2017.12.06-23.16.29:506][349]LogModuleManager: Shutting down and abandoning module TargetDeviceServices (409)
[2017.12.06-23.16.29:561][349]LogModuleManager: Shutting down and abandoning module AutomationController (406)
[2017.12.06-23.16.29:561][349]LogModuleManager: Shutting down and abandoning module AutomationWindow (404)
[2017.12.06-23.16.29:561][349]LogModuleManager: Shutting down and abandoning module Layers (402)
[2017.12.06-23.16.29:561][349]LogModuleManager: Shutting down and abandoning module ComponentVisualizers (400)
[2017.12.06-23.16.29:561][349]LogModuleManager: Shutting down and abandoning module DetailCustomizations (398)
[2017.12.06-23.16.29:561][349]LogModuleManager: Shutting down and abandoning module PackagesDialog (396)
[2017.12.06-23.16.29:561][349]LogModuleManager: Shutting down and abandoning module Persona (394)
[2017.12.06-23.16.29:561][349]LogModuleManager: Shutting down and abandoning module AdvancedPreviewScene (393)
[2017.12.06-23.16.29:561][349]LogModuleManager: Shutting down and abandoning module AnimGraph (391)
[2017.12.06-23.16.29:561][349]LogModuleManager: Shutting down and abandoning module Kismet (388)
[2017.12.06-23.16.29:561][349]LogModuleManager: Shutting down and abandoning module ClassViewer (386)
[2017.12.06-23.16.29:561][349]LogModuleManager: Shutting down and abandoning module Toolbox (384)
[2017.12.06-23.16.29:561][349]LogModuleManager: Shutting down and abandoning module ModuleUI (382)
[2017.12.06-23.16.29:561][349]LogModuleManager: Shutting down and abandoning module MovieSceneTools (380)
[2017.12.06-23.16.29:561][349]LogModuleManager: Shutting down and abandoning module OutputLog (378)
[2017.12.06-23.16.29:562][349]LogModuleManager: Shutting down and abandoning module GammaUI (376)
[2017.12.06-23.16.29:562][349]LogModuleManager: Shutting down and abandoning module Documentation (374)
[2017.12.06-23.16.29:562][349]LogModuleManager: Shutting down and abandoning module MovieSceneTracks (372)
[2017.12.06-23.16.29:562][349]LogModuleManager: Shutting down and abandoning module MovieScene (370)
[2017.12.06-23.16.29:562][349]LogModuleManager: Shutting down and abandoning module StreamingPauseRendering (368)
[2017.12.06-23.16.29:562][349]LogModuleManager: Shutting down and abandoning module LauncherPlatform (366)
[2017.12.06-23.16.29:562][349]LogModuleManager: Shutting down and abandoning module AnalyticsET (364)
[2017.12.06-23.16.29:562][349]LogModuleManager: Shutting down and abandoning module PortalServices (362)
[2017.12.06-23.16.29:562][349]LogModuleManager: Shutting down and abandoning module PortalRpc (360)
[2017.12.06-23.16.29:562][349]LogModuleManager: Shutting down and abandoning module MessagingRpc (358)
[2017.12.06-23.16.29:562][349]LogModuleManager: Shutting down and abandoning module AIModule (356)
[2017.12.06-23.16.29:562][349]LogModuleManager: Shutting down and abandoning module GameplayDebugger (355)
[2017.12.06-23.16.29:562][349]LogModuleManager: Shutting down and abandoning module AITestSuite (353)
[2017.12.06-23.16.29:562][349]LogModuleManager: Shutting down and abandoning module DesktopPlatform (350)
[2017.12.06-23.16.29:562][349]LogModuleManager: Shutting down and abandoning module ProfilerService (348)
[2017.12.06-23.16.29:599][349]LogModuleManager: Shutting down and abandoning module TaskGraph (346)
[2017.12.06-23.16.29:599][349]LogModuleManager: Shutting down and abandoning module SteamVRController (344)
[2017.12.06-23.16.29:599][349]LogModuleManager: Shutting down and abandoning module ProceduralMeshComponentEditor (342)
[2017.12.06-23.16.29:599][349]LogModuleManager: Shutting down and abandoning module ProceduralMeshComponent (340)
[2017.12.06-23.16.29:599][349]LogModuleManager: Shutting down and abandoning module OculusInput (338)
[2017.12.06-23.16.29:599][349]LogModuleManager: Shutting down and abandoning module MobilePatchingUtils (336)
[2017.12.06-23.16.29:599][349]LogModuleManager: Shutting down and abandoning module CustomMeshComponent (334)
[2017.12.06-23.16.29:599][349]LogModuleManager: Shutting down and abandoning module CableComponent (332)
[2017.12.06-23.16.29:599][349]LogModuleManager: Shutting down and abandoning module ArchVisCharacter (330)
[2017.12.06-23.16.29:599][349]LogModuleManager: Shutting down and abandoning module AndroidPermission (328)
[2017.12.06-23.16.29:599][349]LogModuleManager: Shutting down and abandoning module ActorSequence (324)
[2017.12.06-23.16.29:599][349]LogModuleManager: Shutting down and abandoning module MediaPlayerEditor (322)
[2017.12.06-23.16.29:600][349]LogModuleManager: Shutting down and abandoning module MediaCompositingEditor (320)
[2017.12.06-23.16.29:600][349]LogModuleManager: Shutting down and abandoning module MediaCompositing (318)
[2017.12.06-23.16.29:600][349]LogModuleManager: Shutting down and abandoning module HTML5Networking (316)
[2017.12.06-23.16.29:600][349]LogModuleManager: Shutting down and abandoning module AlembicImporter (314)
[2017.12.06-23.16.29:600][349]LogModuleManager: Shutting down and abandoning module AlembicLibrary (313)
[2017.12.06-23.16.29:600][349]LogModuleManager: Shutting down and abandoning module GeometryCache (312)
[2017.12.06-23.16.29:600][349]LogModuleManager: Shutting down and abandoning module GeometryCacheEd (311)
[2017.12.06-23.16.29:600][349]LogModuleManager: Shutting down and abandoning module SpeedTreeImporter (306)
[2017.12.06-23.16.29:600][349]LogModuleManager: Shutting down and abandoning module PluginBrowser (304)
[2017.12.06-23.16.29:600][349]LogModuleManager: Shutting down and abandoning module MobileLauncherProfileWizard (302)
[2017.12.06-23.16.29:600][349]LogModuleManager: Shutting down and abandoning module VisualStudioSourceCodeAccess (300)
[2017.12.06-23.16.29:600][349]LogModuleManager: Shutting down and abandoning module VisualStudioCodeSourceCodeAccess (298)
[2017.12.06-23.16.29:600][349]LogModuleManager: Shutting down and abandoning module UObjectPlugin (296)
[2017.12.06-23.16.29:600][349]LogModuleManager: Shutting down and abandoning module SubversionSourceControl (294)
[2017.12.06-23.16.29:600][349]LogModuleManager: Shutting down and abandoning module PerforceSourceControl (292)
[2017.12.06-23.16.29:600][349]LogModuleManager: Shutting down and abandoning module GitSourceControl (290)
[2017.12.06-23.16.29:600][349]LogModuleManager: Shutting down and abandoning module SourceControl (289)
[2017.12.06-23.16.29:600][349]LogModuleManager: Shutting down and abandoning module LightPropagationVolumeEditor (286)
[2017.12.06-23.16.29:600][349]LogModuleManager: Shutting down and abandoning module PaperTiledImporter (284)
[2017.12.06-23.16.29:600][349]LogModuleManager: Shutting down and abandoning module PaperSpriteSheetImporter (282)
[2017.12.06-23.16.29:600][349]LogModuleManager: Shutting down and abandoning module Paper2DEditor (280)
[2017.12.06-23.16.29:600][349]LogModuleManager: Shutting down and abandoning module MeshPaint (279)
[2017.12.06-23.16.29:600][349]LogModuleManager: Shutting down and abandoning module LevelEditor (277)
[2017.12.06-23.16.29:601][349]LogModuleManager: Shutting down and abandoning module PixelInspectorModule (276)
[2017.12.06-23.16.29:601][349]LogModuleManager: Shutting down and abandoning module MainFrame (274)
[2017.12.06-23.16.29:601][349]LogModuleManager: Shutting down and abandoning module HotReload (273)
[2017.12.06-23.16.29:602][349]LogModuleManager: Shutting down and abandoning module RuntimePhysXCooking (268)
[2017.12.06-23.16.29:602][349]LogModuleManager: Shutting down and abandoning module PhysXVehiclesEditor (266)
[2017.12.06-23.16.29:602][349]LogModuleManager: Shutting down and abandoning module PhysXVehicles (264)
[2017.12.06-23.16.29:602][349]LogModuleManager: Shutting down and abandoning module OculusEditor (262)
[2017.12.06-23.16.29:602][349]LogModuleManager: Shutting down and abandoning module LocationServicesBPLibrary (260)
[2017.12.06-23.16.29:602][349]LogModuleManager: Shutting down and abandoning module ImmediatePhysicsEditor (258)
[2017.12.06-23.16.29:602][349]LogModuleManager: Shutting down and abandoning module ImmediatePhysics (256)
[2017.12.06-23.16.29:602][349]LogModuleManager: Shutting down and abandoning module UdpMessaging (254)
[2017.12.06-23.16.29:703][349]LogModuleManager: Shutting down and abandoning module TcpMessaging (252)
[2017.12.06-23.16.29:928][349]LogModuleManager: Shutting down and abandoning module GameplayTagsEditor (250)
[2017.12.06-23.16.29:928][349]LogModuleManager: Shutting down and abandoning module FacialAnimationEditor (248)
[2017.12.06-23.16.29:928][349]LogModuleManager: Shutting down and abandoning module FacialAnimation (246)
[2017.12.06-23.16.29:928][349]LogModuleManager: Shutting down and abandoning module AssetManagerEditor (244)
[2017.12.06-23.16.29:928][349]LogModuleManager: Shutting down and abandoning module GraphEditor (243)
[2017.12.06-23.16.29:928][349]LogModuleManager: Shutting down and abandoning module ContentBrowser (241)
[2017.12.06-23.16.29:929][349]LogModuleManager: Shutting down and abandoning module LightPropagationVolumeRuntime (238)
[2017.12.06-23.16.29:929][349]LogModuleManager: Shutting down and abandoning module Paper2D (236)
[2017.12.06-23.16.29:929][349]LogModuleManager: Shutting down and abandoning module WindowsMoviePlayer (234)
[2017.12.06-23.16.29:929][349]LogModuleManager: Shutting down and abandoning module WmfMedia (232)
[2017.12.06-23.16.29:929][349]LogModuleManager: Shutting down and abandoning module ImgMedia (230)
[2017.12.06-23.16.29:929][349]LogModuleManager: Shutting down and abandoning module PacketHandler (228)
[2017.12.06-23.16.29:929][349]LogModuleManager: Shutting down and abandoning module ClothingSystemEditor (226)
[2017.12.06-23.16.29:929][349]LogModuleManager: Shutting down and abandoning module ClothingSystemRuntime (224)
[2017.12.06-23.16.29:929][349]LogModuleManager: Shutting down and abandoning module MediaAssets (222)
[2017.12.06-23.16.29:929][349]LogModuleManager: Shutting down and abandoning module Media (221)
[2017.12.06-23.16.29:936][349]LogModuleManager: Shutting down and abandoning module Overlay (218)
[2017.12.06-23.16.29:936][349]LogModuleManager: Shutting down and abandoning module OverlayEditor (217)
[2017.12.06-23.16.29:936][349]LogModuleManager: Shutting down and abandoning module VREditor (214)
[2017.12.06-23.16.29:936][349]LogModuleManager: Shutting down and abandoning module StringTableEditor (212)
[2017.12.06-23.16.29:936][349]LogModuleManager: Shutting down and abandoning module GameplayTasksEditor (210)
[2017.12.06-23.16.29:936][349]LogModuleManager: Shutting down and abandoning module BehaviorTreeEditor (208)
[2017.12.06-23.16.29:936][349]LogModuleManager: Shutting down and abandoning module FunctionalTesting (206)
[2017.12.06-23.16.29:936][349]LogModuleManager: Shutting down and abandoning module CollisionAnalyzer (204)
[2017.12.06-23.16.29:936][349]LogModuleManager: Shutting down and abandoning module WorkspaceMenuStructure (203)
[2017.12.06-23.16.29:936][349]LogModuleManager: Shutting down and abandoning module UMG (200)
[2017.12.06-23.16.29:936][349]LogModuleManager: Shutting down and abandoning module UMGEditor (199)
[2017.12.06-23.16.29:936][349]LogModuleManager: Shutting down and abandoning module Sequencer (198)
[2017.12.06-23.16.29:936][349]LogModuleManager: Shutting down and abandoning module MessageLog (195)
[2017.12.06-23.16.29:936][349]LogModuleManager: Shutting down and abandoning module SlateReflector (190)
[2017.12.06-23.16.29:936][349]LogModuleManager: Shutting down and abandoning module Slate (188)
[2017.12.06-23.16.29:936][349]LogModuleManager: Shutting down and abandoning module EditorStyle (186)
[2017.12.06-23.16.29:939][349]LogModuleManager: Shutting down and abandoning module MRMesh (184)
[2017.12.06-23.16.29:939][349]LogModuleManager: Shutting down and abandoning module SourceCodeAccess (182)
[2017.12.06-23.16.29:939][349]LogModuleManager: Shutting down and abandoning module HeadMountedDisplay (180)
[2017.12.06-23.16.29:939][349]LogModuleManager: Shutting down and abandoning module XAudio2 (178)
[2017.12.06-23.16.29:939][349]LogModuleManager: Shutting down and abandoning module Networking (176)
[2017.12.06-23.16.29:939][349]LogModuleManager: Shutting down and abandoning module Core (172)
[2017.12.06-23.16.29:939][349]LogModuleManager: Shutting down and abandoning module LevelSequence (168)
[2017.12.06-23.16.29:939][349]LogModuleManager: Shutting down and abandoning module DirectoryWatcher (166)
[2017.12.06-23.16.29:939][349]LogModuleManager: Shutting down and abandoning module KismetCompiler (164)
[2017.12.06-23.16.29:940][349]LogModuleManager: Shutting down and abandoning module MeshUtilities (162)
[2017.12.06-23.16.29:940][349]LogModuleManager: Shutting down and abandoning module MeshMergeUtilities (161)
[2017.12.06-23.16.29:940][349]LogModuleManager: Shutting down and abandoning module MeshReductionInterface (160)
[2017.12.06-23.16.29:940][349]LogModuleManager: Shutting down and abandoning module SimplygonSwarm (159)
[2017.12.06-23.16.29:940][349]LogModuleManager: Shutting down and abandoning module SimplygonMeshReduction (157)
[2017.12.06-23.16.29:940][349]LogModuleManager: Shutting down and abandoning module QuadricMeshReduction (155)
[2017.12.06-23.16.29:940][349]LogModuleManager: Shutting down and abandoning module MaterialBaking (151)
[2017.12.06-23.16.29:940][349]LogModuleManager: Shutting down and abandoning module DerivedDataCache (148)
[2017.12.06-23.16.29:978][349]LogDerivedDataCache: Shutdown
[2017.12.06-23.16.29:978][349]LogModuleManager: Shutting down and abandoning module TargetPlatform (146)
[2017.12.06-23.16.29:978][349]LogModuleManager: Shutting down and abandoning module VulkanShaderFormat (145)
[2017.12.06-23.16.29:978][349]LogModuleManager: Shutting down and abandoning module ShaderFormatVectorVM (143)
[2017.12.06-23.16.29:978][349]LogModuleManager: Shutting down and abandoning module ShaderFormatOpenGL (141)
[2017.12.06-23.16.29:978][349]LogModuleManager: Shutting down and abandoning module ShaderFormatD3D (139)
[2017.12.06-23.16.29:978][349]LogModuleManager: Shutting down and abandoning module MetalShaderFormat (137)
[2017.12.06-23.16.29:978][349]LogModuleManager: Shutting down and abandoning module TextureFormatUncompressed (135)
[2017.12.06-23.16.29:978][349]LogModuleManager: Shutting down and abandoning module TextureFormatPVR (133)
[2017.12.06-23.16.29:978][349]LogModuleManager: Shutting down and abandoning module TextureFormatDXT (131)
[2017.12.06-23.16.29:978][349]LogModuleManager: Shutting down and abandoning module TextureFormatIntelISPCTexComp (129)
[2017.12.06-23.16.29:978][349]LogModuleManager: Shutting down and abandoning module TextureFormatASTC (127)
[2017.12.06-23.16.29:978][349]LogModuleManager: Shutting down and abandoning module ImageWrapper (126)
[2017.12.06-23.16.29:978][349]LogModuleManager: Shutting down and abandoning module TextureFormatAndroid (123)
[2017.12.06-23.16.29:978][349]LogModuleManager: Shutting down and abandoning module AudioFormatOpus (121)
[2017.12.06-23.16.29:978][349]LogModuleManager: Shutting down and abandoning module AudioFormatOgg (119)
[2017.12.06-23.16.29:978][349]LogModuleManager: Shutting down and abandoning module AudioFormatADPCM (117)
[2017.12.06-23.16.29:979][349]LogModuleManager: Shutting down and abandoning module LinuxTargetPlatform (115)
[2017.12.06-23.16.29:979][349]LogModuleManager: Shutting down and abandoning module LinuxServerTargetPlatform (113)
[2017.12.06-23.16.29:979][349]LogModuleManager: Shutting down and abandoning module LinuxNoEditorTargetPlatform (111)
[2017.12.06-23.16.29:979][349]LogModuleManager: Shutting down and abandoning module LinuxClientTargetPlatform (109)
[2017.12.06-23.16.29:979][349]LogModuleManager: Shutting down and abandoning module TVOSTargetPlatform (107)
[2017.12.06-23.16.29:979][349]LogModuleManager: Shutting down and abandoning module Messaging (105)
[2017.12.06-23.16.29:979][349]LogModuleManager: Shutting down and abandoning module IOSTargetPlatform (103)
[2017.12.06-23.16.29:979][349]LogModuleManager: Shutting down and abandoning module HTML5TargetPlatform (101)
[2017.12.06-23.16.29:979][349]LogModuleManager: Shutting down and abandoning module AndroidTargetPlatform (99)
[2017.12.06-23.16.29:979][349]LogModuleManager: Shutting down and abandoning module Android_PVRTCTargetPlatform (97)
[2017.12.06-23.16.29:979][349]LogModuleManager: Shutting down and abandoning module Android_MultiTargetPlatform (95)
[2017.12.06-23.16.29:979][349]LogModuleManager: Shutting down and abandoning module Android_ETC2TargetPlatform (93)
[2017.12.06-23.16.29:979][349]LogModuleManager: Shutting down and abandoning module Android_ETC1TargetPlatform (91)
[2017.12.06-23.16.29:979][349]LogModuleManager: Shutting down and abandoning module Android_DXTTargetPlatform (89)
[2017.12.06-23.16.29:979][349]LogModuleManager: Shutting down and abandoning module Android_ATCTargetPlatform (87)
[2017.12.06-23.16.29:979][349]LogModuleManager: Shutting down and abandoning module Android_ASTCTargetPlatform (85)
[2017.12.06-23.16.29:979][349]LogModuleManager: Shutting down and abandoning module WindowsTargetPlatform (83)
[2017.12.06-23.16.29:979][349]LogModuleManager: Shutting down and abandoning module WindowsServerTargetPlatform (81)
[2017.12.06-23.16.29:979][349]LogModuleManager: Shutting down and abandoning module WindowsNoEditorTargetPlatform (79)
[2017.12.06-23.16.29:979][349]LogModuleManager: Shutting down and abandoning module WindowsClientTargetPlatform (77)
[2017.12.06-23.16.29:979][349]LogModuleManager: Shutting down and abandoning module MacTargetPlatform (75)
[2017.12.06-23.16.29:979][349]LogModuleManager: Shutting down and abandoning module MacServerTargetPlatform (73)
[2017.12.06-23.16.29:979][349]LogModuleManager: Shutting down and abandoning module MacNoEditorTargetPlatform (71)
[2017.12.06-23.16.29:979][349]LogModuleManager: Shutting down and abandoning module MacClientTargetPlatform (69)
[2017.12.06-23.16.29:979][349]LogModuleManager: Shutting down and abandoning module AllDesktopTargetPlatform (67)
[2017.12.06-23.16.29:979][349]LogModuleManager: Shutting down and abandoning module InputCore (64)
[2017.12.06-23.16.29:979][349]LogModuleManager: Shutting down and abandoning module Settings (62)
[2017.12.06-23.16.29:979][349]LogModuleManager: Shutting down and abandoning module PhysXCooking (60)
[2017.12.06-23.16.29:979][349]LogModuleManager: Shutting down and abandoning module SteamVR (58)
[2017.12.06-23.16.29:979][349]LogModuleManager: Shutting down and abandoning module OculusHMD (56)
[2017.12.06-23.16.29:979][349]LogModuleManager: Shutting down and abandoning module ExampleDeviceProfileSelector (54)
[2017.12.06-23.16.29:979][349]LogModuleManager: Shutting down and abandoning module AppleARKit (52)
[2017.12.06-23.16.29:979][349]LogModuleManager: Shutting down and abandoning module AugmentedReality (51)
[2017.12.06-23.16.29:979][349]LogModuleManager: Shutting down and abandoning module OnlineBlueprintSupport (48)
[2017.12.06-23.16.29:979][349]LogModuleManager: Shutting down and abandoning module OnlineSubsystem (44)
[2017.12.06-23.16.29:979][349]LogModuleManager: Shutting down and abandoning module XMPP (43)
[2017.12.06-23.16.29:979][349]LogModuleManager: Shutting down and abandoning module HTTP (41)
[2017.12.06-23.16.29:979][349]LogHttp: Display: Http module shutting down, but needs to wait on 1 outstanding Http requests:
[2017.12.06-23.16.29:979][349]LogHttp: Display: 	verb=[POST] url=[https://datarouter.ol.epicgames.com/datarouter/api/v1/public/data?SessionID=%7B88EDE743-45A0-1F03-676E-0F9B27ED3DF8%7D&AppID=UEEditor.Rocket.Release&AppVersion=4.18.1-3754814%2B%2B%2BUE4%2BRelease-4.18&UserID=3ff6509e45a8c6c1cf288398d0c6e11d%7C78f13b57c3fb4f3c840dd973fda0e920%7C0b604f14-8e80-4b87-a522-a4f4ad57cadf&AppEnvironment=datacollector-binary&UploadType=eteventstream] status=Processing
[2017.12.06-23.16.30:003][349]LogModuleManager: Shutting down and abandoning module SSL (40)
[2017.12.06-23.16.30:004][349]LogModuleManager: Shutting down and abandoning module AnimationModifiers (36)
[2017.12.06-23.16.30:004][349]LogModuleManager: Shutting down and abandoning module PropertyEditor (35)
[2017.12.06-23.16.30:004][349]LogModuleManager: Shutting down and abandoning module AudioEditor (32)
[2017.12.06-23.16.30:004][349]LogModuleManager: Shutting down and abandoning module TextureCompressor (30)
[2017.12.06-23.16.30:004][349]LogModuleManager: Shutting down and abandoning module ShaderCore (28)
[2017.12.06-23.16.30:004][349]LogModuleManager: Shutting down and abandoning module Landscape (26)
[2017.12.06-23.16.30:004][349]LogModuleManager: Shutting down and abandoning module SlateRHIRenderer (24)
[2017.12.06-23.16.30:006][349]LogModuleManager: Shutting down and abandoning module OpenGLDrv (22)
[2017.12.06-23.16.30:006][349]LogModuleManager: Shutting down and abandoning module D3D11RHI (20)
[2017.12.06-23.16.30:006][349]LogModuleManager: Shutting down and abandoning module AnimGraphRuntime (18)
[2017.12.06-23.16.30:006][349]LogModuleManager: Shutting down and abandoning module Renderer (16)
[2017.12.06-23.16.30:006][349]LogModuleManager: Shutting down and abandoning module Engine (14)
[2017.12.06-23.16.30:006][349]LogModuleManager: Shutting down and abandoning module CoreUObject (12)
[2017.12.06-23.16.30:006][349]LogModuleManager: Shutting down and abandoning module NetworkFile (10)
[2017.12.06-23.16.30:006][349]LogModuleManager: Shutting down and abandoning module CookedIterativeFile (8)
[2017.12.06-23.16.30:006][349]LogModuleManager: Shutting down and abandoning module StreamingFile (6)
[2017.12.06-23.16.30:006][349]LogModuleManager: Shutting down and abandoning module SandboxFile (4)
[2017.12.06-23.16.30:006][349]LogModuleManager: Shutting down and abandoning module PakFile (2)
[2017.12.06-23.16.30:009][349]LogExit: Exiting.
[2017.12.06-23.16.30:016][349]Log file closed, 12/07/17 08:16:30
